<?xml version="1.0" encoding="UTF-8"?>
<checkstyle version="6.19">
<file name="/Users/jake/opensource/gwt-uploader/gwt-uploader-core/src/main/java/org/wisepersist/gwt/uploader/client/Configurable.java">
<error line="0" severity="error" message="Missing package-info.java file." source="com.puppycrawl.tools.checkstyle.checks.javadoc.JavadocPackageCheck"/>
<error line="35" severity="error" message="At-clauses have to appear in the order &apos;[@author, @version, @param, @return, @throws, @exception, @see, @since, @serial, @serialField, @serialData, @deprecated, @todo, @checkstyle]&apos;." source="com.puppycrawl.tools.checkstyle.checks.javadoc.AtclauseOrderCheck"/>
<error line="37" column="1" severity="error" message="Name &apos;Configurable&apos; must match pattern &apos;^Abstract.+$&apos;." source="com.puppycrawl.tools.checkstyle.checks.naming.AbstractClassNameCheck"/>
<error line="84" column="3" severity="error" message="Method &apos;setOption&apos; is not designed for extension - needs to be abstract, final or empty." source="com.puppycrawl.tools.checkstyle.checks.design.DesignForExtensionCheck"/>
<error line="84" column="22" severity="error" message="Parameter path should be final." source="com.puppycrawl.tools.checkstyle.checks.FinalParametersCheck"/>
<error line="84" column="35" severity="error" message="Parameter value should be final." source="com.puppycrawl.tools.checkstyle.checks.FinalParametersCheck"/>
<error line="89" severity="error" message="Annotation style must be &apos;COMPACT_NO_ARRAY&apos;." source="com.puppycrawl.tools.checkstyle.checks.annotation.AnnotationUseStyleCheck"/>
<error line="99" severity="error" message="Line continuation have incorrect indentation level, expected level should be 4." source="com.puppycrawl.tools.checkstyle.checks.javadoc.JavadocTagContinuationIndentationCheck"/>
<error line="101" column="3" severity="error" message="Method &apos;getOptions&apos; is not designed for extension - needs to be abstract, final or empty." source="com.puppycrawl.tools.checkstyle.checks.design.DesignForExtensionCheck"/>
<error line="106" severity="error" message="Overload methods should not be split. Previous overloaded method located at line &apos;84&apos;." source="com.puppycrawl.tools.checkstyle.checks.coding.OverloadMethodsDeclarationOrderCheck"/>
<error line="106" column="3" severity="error" message="Method length is 23 lines (max allowed is 20)." source="com.puppycrawl.tools.checkstyle.checks.sizes.MethodLengthCheck"/>
<error line="106" column="3" severity="error" message="Missing a Javadoc comment." source="com.puppycrawl.tools.checkstyle.checks.javadoc.JavadocMethodCheck"/>
<error line="106" column="3" severity="error" message="Return count is 2 (max allowed is 1)." source="com.puppycrawl.tools.checkstyle.checks.coding.ReturnCountCheck"/>
<error line="106" column="26" severity="error" message="Parameter rootObject should be final." source="com.puppycrawl.tools.checkstyle.checks.FinalParametersCheck"/>
<error line="106" column="49" severity="error" message="Parameter path should be final." source="com.puppycrawl.tools.checkstyle.checks.FinalParametersCheck"/>
<error line="106" column="62" severity="error" message="Parameter value should be final." source="com.puppycrawl.tools.checkstyle.checks.FinalParametersCheck"/>
<error line="111" column="12" severity="error" message="Assignment of parameter &apos;path&apos; is not allowed." source="com.puppycrawl.tools.checkstyle.checks.coding.ParameterAssignmentCheck"/>
<error line="119" column="17" severity="error" message="Variable &apos;objectAsValue&apos; should be declared final." source="com.puppycrawl.tools.checkstyle.checks.coding.FinalLocalVariableCheck"/>
<error line="123" column="18" severity="error" message="Variable &apos;object&apos; should be declared final." source="com.puppycrawl.tools.checkstyle.checks.coding.FinalLocalVariableCheck"/>
<error line="130" column="3" severity="error" message="Method length is 27 lines (max allowed is 20)." source="com.puppycrawl.tools.checkstyle.checks.sizes.MethodLengthCheck"/>
<error line="130" column="3" severity="error" message="Missing a Javadoc comment." source="com.puppycrawl.tools.checkstyle.checks.javadoc.JavadocMethodCheck"/>
<error line="130" column="3" severity="error" message="Return count is 9 (max allowed is 1)." source="com.puppycrawl.tools.checkstyle.checks.coding.ReturnCountCheck"/>
<error line="131" severity="error" message="Abbreviation in name &apos;convertToJSONValue&apos; must contain no more than &apos;1&apos; capital letters." source="com.puppycrawl.tools.checkstyle.checks.naming.AbbreviationAsWordInNameCheck"/>
<error line="131" column="40" severity="error" message="Parameter value should be final." source="com.puppycrawl.tools.checkstyle.checks.FinalParametersCheck"/>
<error line="148" column="17" severity="error" message="Variable &apos;jsonArray&apos; should be declared final." source="com.puppycrawl.tools.checkstyle.checks.coding.FinalLocalVariableCheck"/>
<error line="149" column="16" severity="error" message="Variable &apos;valueArray&apos; should be declared final." source="com.puppycrawl.tools.checkstyle.checks.coding.FinalLocalVariableCheck"/>
<error line="150" column="84" severity="error" message="Using &apos;++&apos; is not allowed." source="com.puppycrawl.tools.checkstyle.checks.coding.IllegalTokenCheck"/>
<error line="151" column="16" severity="error" message="Variable &apos;arrayValue&apos; should be declared final." source="com.puppycrawl.tools.checkstyle.checks.coding.FinalLocalVariableCheck"/>
</file>
<file name="/Users/jake/opensource/gwt-uploader/gwt-uploader-core/src/main/java/org/wisepersist/gwt/uploader/client/File.java">
<error line="43" severity="error" message="Type Javadoc comment is missing an @author tag." source="com.puppycrawl.tools.checkstyle.checks.javadoc.WriteTagCheck"/>
<error line="45" column="5" severity="error" message="Missing a Javadoc comment." source="com.puppycrawl.tools.checkstyle.checks.javadoc.JavadocVariableCheck"/>
<error line="46" column="5" severity="error" message="Missing a Javadoc comment." source="com.puppycrawl.tools.checkstyle.checks.javadoc.JavadocVariableCheck"/>
<error line="47" column="5" severity="error" message="Missing a Javadoc comment." source="com.puppycrawl.tools.checkstyle.checks.javadoc.JavadocVariableCheck"/>
<error line="48" column="5" severity="error" message="Missing a Javadoc comment." source="com.puppycrawl.tools.checkstyle.checks.javadoc.JavadocVariableCheck"/>
<error line="49" column="5" severity="error" message="Missing a Javadoc comment." source="com.puppycrawl.tools.checkstyle.checks.javadoc.JavadocVariableCheck"/>
<error line="50" column="5" severity="error" message="Missing a Javadoc comment." source="com.puppycrawl.tools.checkstyle.checks.javadoc.JavadocVariableCheck"/>
<error line="52" column="5" severity="error" message="Missing a Javadoc comment." source="com.puppycrawl.tools.checkstyle.checks.javadoc.JavadocMethodCheck"/>
<error line="52" column="5" severity="error" message="Redundant &apos;private&apos; modifier." source="com.puppycrawl.tools.checkstyle.checks.modifier.RedundantModifierCheck"/>
<error line="52" column="20" severity="error" message="Parameter optionValue should be final." source="com.puppycrawl.tools.checkstyle.checks.FinalParametersCheck"/>
<error line="56" column="5" severity="error" message="Instance variable definition in wrong order." source="com.puppycrawl.tools.checkstyle.checks.coding.DeclarationOrderCheck"/>
<error line="58" column="5" severity="error" message="Missing a Javadoc comment." source="com.puppycrawl.tools.checkstyle.checks.javadoc.JavadocMethodCheck"/>
<error line="85" severity="error" message="@return tag description should start with capital letter" source="com.puppycrawl.tools.checkstyle.checks.regexp.RegexpSinglelineCheck"/>
<error line="103" severity="error" message="@return tag description should start with capital letter" source="com.puppycrawl.tools.checkstyle.checks.regexp.RegexpSinglelineCheck"/>
<error line="124" severity="error" message="Empty line should be followed by &lt;p&gt; tag on the next line." source="com.puppycrawl.tools.checkstyle.checks.javadoc.JavadocParagraphCheck"/>
<error line="140" column="10" severity="error" message="Variable &apos;date&apos; should be declared final." source="com.puppycrawl.tools.checkstyle.checks.coding.FinalLocalVariableCheck"/>
<error line="141" column="21" severity="error" message="Avoid inline conditionals." source="com.puppycrawl.tools.checkstyle.checks.coding.AvoidInlineConditionalsCheck"/>
<error line="149" column="3" severity="error" message="Return count is 6 (max allowed is 1)." source="com.puppycrawl.tools.checkstyle.checks.coding.ReturnCountCheck"/>
<error line="153" column="12" severity="error" message="&apos;-2&apos; is a magic number." source="com.puppycrawl.tools.checkstyle.checks.coding.MagicNumberCheck"/>
<error line="155" column="12" severity="error" message="&apos;-3&apos; is a magic number." source="com.puppycrawl.tools.checkstyle.checks.coding.MagicNumberCheck"/>
<error line="157" column="12" severity="error" message="&apos;-4&apos; is a magic number." source="com.puppycrawl.tools.checkstyle.checks.coding.MagicNumberCheck"/>
<error line="159" column="12" severity="error" message="&apos;-5&apos; is a magic number." source="com.puppycrawl.tools.checkstyle.checks.coding.MagicNumberCheck"/>
<error line="170" severity="error" message="@return tag description should start with capital letter" source="com.puppycrawl.tools.checkstyle.checks.regexp.RegexpSinglelineCheck"/>
<error line="180" severity="error" message="@return tag description should start with capital letter" source="com.puppycrawl.tools.checkstyle.checks.regexp.RegexpSinglelineCheck"/>
<error line="190" severity="error" message="@return tag description should start with capital letter" source="com.puppycrawl.tools.checkstyle.checks.regexp.RegexpSinglelineCheck"/>
<error line="200" severity="error" message="@return tag description should start with capital letter" source="com.puppycrawl.tools.checkstyle.checks.regexp.RegexpSinglelineCheck"/>
<error line="210" severity="error" message="@return tag description should start with capital letter" source="com.puppycrawl.tools.checkstyle.checks.regexp.RegexpSinglelineCheck"/>
<error line="220" severity="error" message="@return tag description should start with capital letter" source="com.puppycrawl.tools.checkstyle.checks.regexp.RegexpSinglelineCheck"/>
<error line="229" severity="error" message="@return tag description should start with capital letter" source="com.puppycrawl.tools.checkstyle.checks.regexp.RegexpSinglelineCheck"/>
<error line="235" column="3" severity="error" message="Missing a Javadoc comment." source="com.puppycrawl.tools.checkstyle.checks.javadoc.JavadocMethodCheck"/>
<error line="239" column="3" severity="error" message="Missing a Javadoc comment." source="com.puppycrawl.tools.checkstyle.checks.javadoc.JavadocMethodCheck"/>
<error line="243" column="3" severity="error" message="Missing a Javadoc comment." source="com.puppycrawl.tools.checkstyle.checks.javadoc.JavadocMethodCheck"/>
<error line="247" column="3" severity="error" message="Missing a Javadoc comment." source="com.puppycrawl.tools.checkstyle.checks.javadoc.JavadocMethodCheck"/>
</file>
<file name="/Users/jake/opensource/gwt-uploader/gwt-uploader-core/src/main/java/org/wisepersist/gwt/uploader/client/ProgressBar.java">
<error line="32" column="37" severity="error" message="Name &apos;percentFormat&apos; must match pattern &apos;^([A-Z][A-Z0-9]*(_[A-Z0-9]+)*|log)$&apos;." source="com.puppycrawl.tools.checkstyle.checks.naming.ConstantNameCheck"/>
<error line="39" column="3" severity="error" message="Missing a Javadoc comment." source="com.puppycrawl.tools.checkstyle.checks.javadoc.JavadocMethodCheck"/>
<error line="55" column="3" severity="error" message="Missing a Javadoc comment." source="com.puppycrawl.tools.checkstyle.checks.javadoc.JavadocMethodCheck"/>
</file>
<file name="/Users/jake/opensource/gwt-uploader/gwt-uploader-core/src/main/java/org/wisepersist/gwt/uploader/client/Stats.java">
<error line="42" severity="error" message="@return tag description should start with capital letter" source="com.puppycrawl.tools.checkstyle.checks.regexp.RegexpSinglelineCheck"/>
<error line="51" severity="error" message="@return tag description should start with capital letter" source="com.puppycrawl.tools.checkstyle.checks.regexp.RegexpSinglelineCheck"/>
<error line="60" severity="error" message="@return tag description should start with capital letter" source="com.puppycrawl.tools.checkstyle.checks.regexp.RegexpSinglelineCheck"/>
<error line="69" severity="error" message="@return tag description should start with capital letter" source="com.puppycrawl.tools.checkstyle.checks.regexp.RegexpSinglelineCheck"/>
<error line="78" severity="error" message="@return tag description should start with capital letter" source="com.puppycrawl.tools.checkstyle.checks.regexp.RegexpSinglelineCheck"/>
<error line="87" severity="error" message="@return tag description should start with capital letter" source="com.puppycrawl.tools.checkstyle.checks.regexp.RegexpSinglelineCheck"/>
</file>
<file name="/Users/jake/opensource/gwt-uploader/gwt-uploader-core/src/main/java/org/wisepersist/gwt/uploader/client/Uploader.java">
<error line="1" severity="error" message="File length is 2,435 lines (max allowed is 1,000)." source="com.puppycrawl.tools.checkstyle.checks.sizes.FileLengthCheck"/>
<error line="123" severity="error" message="Total number of methods is 118 (max allowed is 100)." source="com.puppycrawl.tools.checkstyle.checks.sizes.MethodCountCheck"/>
<error line="123" column="1" severity="error" message="Class Data Abstraction Coupling is 21 (max allowed is 7) classes [ChangeHandler, ClickHandler, Configurable, FileDialogCompleteEvent, FileDialogStartEvent, FileQueueErrorEvent, FileQueuedEvent, FileUpload, JSONObject, JSONString, Label, MouseDownHandler, MouseOutHandler, MouseOverHandler, MouseUpHandler, SwfUploadLoadedEvent, UploadCompleteEvent, UploadErrorEvent, UploadProgressEvent, UploadStartEvent, UploadSuccessEvent]." source="com.puppycrawl.tools.checkstyle.checks.metrics.ClassDataAbstractionCouplingCheck"/>
<error line="123" column="1" severity="error" message="Class Fan-Out Complexity is 50 (max allowed is 30)." source="com.puppycrawl.tools.checkstyle.checks.metrics.ClassFanOutComplexityCheck"/>
<error line="136" column="19" severity="error" message="Variable &apos;loaded&apos; explicitly initialized to &apos;false&apos; (default value for its type)." source="com.puppycrawl.tools.checkstyle.checks.coding.ExplicitInitializationCheck"/>
<error line="143" severity="error" message="Type Javadoc comment is missing an @author tag." source="com.puppycrawl.tools.checkstyle.checks.javadoc.WriteTagCheck"/>
<error line="160" column="5" severity="error" message="Missing a Javadoc comment." source="com.puppycrawl.tools.checkstyle.checks.javadoc.JavadocMethodCheck"/>
<error line="160" column="5" severity="error" message="Redundant &apos;private&apos; modifier." source="com.puppycrawl.tools.checkstyle.checks.modifier.RedundantModifierCheck"/>
<error line="160" column="26" severity="error" message="Parameter optionValue should be final." source="com.puppycrawl.tools.checkstyle.checks.FinalParametersCheck"/>
<error line="164" column="5" severity="error" message="Instance variable definition in wrong order." source="com.puppycrawl.tools.checkstyle.checks.coding.DeclarationOrderCheck"/>
<error line="166" column="5" severity="error" message="Missing a Javadoc comment." source="com.puppycrawl.tools.checkstyle.checks.javadoc.JavadocMethodCheck"/>
<error line="177" severity="error" message="Type Javadoc comment is missing an @author tag." source="com.puppycrawl.tools.checkstyle.checks.javadoc.WriteTagCheck"/>
<error line="189" column="5" severity="error" message="Missing a Javadoc comment." source="com.puppycrawl.tools.checkstyle.checks.javadoc.JavadocMethodCheck"/>
<error line="189" column="5" severity="error" message="Redundant &apos;private&apos; modifier." source="com.puppycrawl.tools.checkstyle.checks.modifier.RedundantModifierCheck"/>
<error line="189" column="20" severity="error" message="Parameter optionValue should be final." source="com.puppycrawl.tools.checkstyle.checks.FinalParametersCheck"/>
<error line="193" column="5" severity="error" message="Instance variable definition in wrong order." source="com.puppycrawl.tools.checkstyle.checks.coding.DeclarationOrderCheck"/>
<error line="195" column="5" severity="error" message="Missing a Javadoc comment." source="com.puppycrawl.tools.checkstyle.checks.javadoc.JavadocMethodCheck"/>
<error line="205" severity="error" message="Type Javadoc comment is missing an @author tag." source="com.puppycrawl.tools.checkstyle.checks.javadoc.WriteTagCheck"/>
<error line="222" column="5" severity="error" message="Missing a Javadoc comment." source="com.puppycrawl.tools.checkstyle.checks.javadoc.JavadocMethodCheck"/>
<error line="222" column="5" severity="error" message="Redundant &apos;private&apos; modifier." source="com.puppycrawl.tools.checkstyle.checks.modifier.RedundantModifierCheck"/>
<error line="222" column="24" severity="error" message="Parameter optionValue should be final." source="com.puppycrawl.tools.checkstyle.checks.FinalParametersCheck"/>
<error line="226" column="5" severity="error" message="Instance variable definition in wrong order." source="com.puppycrawl.tools.checkstyle.checks.coding.DeclarationOrderCheck"/>
<error line="228" column="5" severity="error" message="Missing a Javadoc comment." source="com.puppycrawl.tools.checkstyle.checks.javadoc.JavadocMethodCheck"/>
<error line="241" severity="error" message="Abbreviation in name &apos;uploadURL&apos; must contain no more than &apos;1&apos; capital letters." source="com.puppycrawl.tools.checkstyle.checks.naming.AbbreviationAsWordInNameCheck"/>
<error line="241" column="3" severity="error" message="Instance variable definition in wrong order." source="com.puppycrawl.tools.checkstyle.checks.coding.DeclarationOrderCheck"/>
<error line="253" severity="error" message="&lt;p&gt; tag should be placed immediately before the first word, with no space after." source="com.puppycrawl.tools.checkstyle.checks.javadoc.JavadocParagraphCheck"/>
<error line="253" severity="error" message="&lt;p&gt; tag should be preceded with an empty line." source="com.puppycrawl.tools.checkstyle.checks.javadoc.JavadocParagraphCheck"/>
<error line="259" severity="error" message="&lt;p&gt; tag should be placed immediately before the first word, with no space after." source="com.puppycrawl.tools.checkstyle.checks.javadoc.JavadocParagraphCheck"/>
<error line="259" severity="error" message="&lt;p&gt; tag should be preceded with an empty line." source="com.puppycrawl.tools.checkstyle.checks.javadoc.JavadocParagraphCheck"/>
<error line="269" severity="error" message="Abbreviation in name &apos;setUploadURL&apos; must contain no more than &apos;1&apos; capital letters." source="com.puppycrawl.tools.checkstyle.checks.naming.AbbreviationAsWordInNameCheck"/>
<error line="269" severity="error" message="Abbreviation in name &apos;uploadURL&apos; must contain no more than &apos;1&apos; capital letters." source="com.puppycrawl.tools.checkstyle.checks.naming.AbbreviationAsWordInNameCheck"/>
<error line="269" column="3" severity="error" message="Method &apos;setUploadURL&apos; is not designed for extension - needs to be abstract, final or empty." source="com.puppycrawl.tools.checkstyle.checks.design.DesignForExtensionCheck"/>
<error line="269" column="32" severity="error" message="Parameter uploadURL should be final." source="com.puppycrawl.tools.checkstyle.checks.FinalParametersCheck"/>
<error line="269" column="39" severity="error" message="&apos;uploadURL&apos; hides a field." source="com.puppycrawl.tools.checkstyle.checks.coding.HiddenFieldCheck"/>
<error line="277" severity="error" message="Abbreviation in name &apos;nativeSetUploadURL&apos; must contain no more than &apos;1&apos; capital letters." source="com.puppycrawl.tools.checkstyle.checks.naming.AbbreviationAsWordInNameCheck"/>
<error line="277" column="3" severity="error" message="Missing a Javadoc comment." source="com.puppycrawl.tools.checkstyle.checks.javadoc.JavadocMethodCheck"/>
<error line="281" severity="error" message="Abbreviation in name &apos;ajaxUploadURL&apos; must contain no more than &apos;1&apos; capital letters." source="com.puppycrawl.tools.checkstyle.checks.naming.AbbreviationAsWordInNameCheck"/>
<error line="281" column="3" severity="error" message="Instance variable definition in wrong order." source="com.puppycrawl.tools.checkstyle.checks.coding.DeclarationOrderCheck"/>
<error line="295" severity="error" message="Abbreviation in name &apos;ajaxUploadURL&apos; must contain no more than &apos;1&apos; capital letters." source="com.puppycrawl.tools.checkstyle.checks.naming.AbbreviationAsWordInNameCheck"/>
<error line="295" severity="error" message="Abbreviation in name &apos;setAjaxUploadURL&apos; must contain no more than &apos;1&apos; capital letters." source="com.puppycrawl.tools.checkstyle.checks.naming.AbbreviationAsWordInNameCheck"/>
<error line="295" column="3" severity="error" message="Method &apos;setAjaxUploadURL&apos; is not designed for extension - needs to be abstract, final or empty." source="com.puppycrawl.tools.checkstyle.checks.design.DesignForExtensionCheck"/>
<error line="295" column="36" severity="error" message="Parameter ajaxUploadURL should be final." source="com.puppycrawl.tools.checkstyle.checks.FinalParametersCheck"/>
<error line="295" column="43" severity="error" message="&apos;ajaxUploadURL&apos; hides a field." source="com.puppycrawl.tools.checkstyle.checks.coding.HiddenFieldCheck"/>
<error line="300" column="3" severity="error" message="Instance variable definition in wrong order." source="com.puppycrawl.tools.checkstyle.checks.coding.DeclarationOrderCheck"/>
<error line="316" column="3" severity="error" message="Method &apos;setAjaxUploadEnabled&apos; is not designed for extension - needs to be abstract, final or empty." source="com.puppycrawl.tools.checkstyle.checks.design.DesignForExtensionCheck"/>
<error line="316" column="40" severity="error" message="Parameter ajaxUploadEnabled should be final." source="com.puppycrawl.tools.checkstyle.checks.FinalParametersCheck"/>
<error line="316" column="48" severity="error" message="&apos;ajaxUploadEnabled&apos; hides a field." source="com.puppycrawl.tools.checkstyle.checks.coding.HiddenFieldCheck"/>
<error line="321" column="3" severity="error" message="Instance variable definition in wrong order." source="com.puppycrawl.tools.checkstyle.checks.coding.DeclarationOrderCheck"/>
<error line="321" column="18" severity="error" message="Variable &apos;filePostName&apos; explicitly initialized to &apos;null&apos; (default value for its type)." source="com.puppycrawl.tools.checkstyle.checks.coding.ExplicitInitializationCheck"/>
<error line="336" column="3" severity="error" message="Method &apos;setFilePostName&apos; is not designed for extension - needs to be abstract, final or empty." source="com.puppycrawl.tools.checkstyle.checks.design.DesignForExtensionCheck"/>
<error line="336" column="35" severity="error" message="Parameter filePostName should be final." source="com.puppycrawl.tools.checkstyle.checks.FinalParametersCheck"/>
<error line="336" column="42" severity="error" message="&apos;filePostName&apos; hides a field." source="com.puppycrawl.tools.checkstyle.checks.coding.HiddenFieldCheck"/>
<error line="345" column="3" severity="error" message="Missing a Javadoc comment." source="com.puppycrawl.tools.checkstyle.checks.javadoc.JavadocMethodCheck"/>
<error line="350" column="3" severity="error" message="Instance variable definition in wrong order." source="com.puppycrawl.tools.checkstyle.checks.coding.DeclarationOrderCheck"/>
<error line="350" column="22" severity="error" message="Variable &apos;postParams&apos; explicitly initialized to &apos;null&apos; (default value for its type)." source="com.puppycrawl.tools.checkstyle.checks.coding.ExplicitInitializationCheck"/>
<error line="366" severity="error" message="&lt;p&gt; tag should be placed immediately before the first word, with no space after." source="com.puppycrawl.tools.checkstyle.checks.javadoc.JavadocParagraphCheck"/>
<error line="366" severity="error" message="&lt;p&gt; tag should be preceded with an empty line." source="com.puppycrawl.tools.checkstyle.checks.javadoc.JavadocParagraphCheck"/>
<error line="369" severity="error" message="&lt;p&gt; tag should be placed immediately before the first word, with no space after." source="com.puppycrawl.tools.checkstyle.checks.javadoc.JavadocParagraphCheck"/>
<error line="369" severity="error" message="&lt;p&gt; tag should be preceded with an empty line." source="com.puppycrawl.tools.checkstyle.checks.javadoc.JavadocParagraphCheck"/>
<error line="374" column="3" severity="error" message="Method &apos;setPostParams&apos; is not designed for extension - needs to be abstract, final or empty." source="com.puppycrawl.tools.checkstyle.checks.design.DesignForExtensionCheck"/>
<error line="374" column="33" severity="error" message="Parameter postParams should be final." source="com.puppycrawl.tools.checkstyle.checks.FinalParametersCheck"/>
<error line="374" column="44" severity="error" message="&apos;postParams&apos; hides a field." source="com.puppycrawl.tools.checkstyle.checks.coding.HiddenFieldCheck"/>
<error line="376" column="57" severity="error" message="Avoid inline conditionals." source="com.puppycrawl.tools.checkstyle.checks.coding.AvoidInlineConditionalsCheck"/>
<error line="383" column="3" severity="error" message="Missing a Javadoc comment." source="com.puppycrawl.tools.checkstyle.checks.javadoc.JavadocMethodCheck"/>
<error line="396" severity="error" message="&lt;p&gt; tag should be placed immediately before the first word, with no space after." source="com.puppycrawl.tools.checkstyle.checks.javadoc.JavadocParagraphCheck"/>
<error line="396" severity="error" message="&lt;p&gt; tag should be preceded with an empty line." source="com.puppycrawl.tools.checkstyle.checks.javadoc.JavadocParagraphCheck"/>
<error line="405" column="3" severity="error" message="Method &apos;setUseQueryString&apos; is not designed for extension - needs to be abstract, final or empty." source="com.puppycrawl.tools.checkstyle.checks.design.DesignForExtensionCheck"/>
<error line="405" column="37" severity="error" message="Parameter useQueryString should be final." source="com.puppycrawl.tools.checkstyle.checks.FinalParametersCheck"/>
<error line="412" column="3" severity="error" message="Missing a Javadoc comment." source="com.puppycrawl.tools.checkstyle.checks.javadoc.JavadocMethodCheck"/>
<error line="426" severity="error" message="&lt;p&gt; tag should be placed immediately before the first word, with no space after." source="com.puppycrawl.tools.checkstyle.checks.javadoc.JavadocParagraphCheck"/>
<error line="426" severity="error" message="&lt;p&gt; tag should be preceded with an empty line." source="com.puppycrawl.tools.checkstyle.checks.javadoc.JavadocParagraphCheck"/>
<error line="433" severity="error" message="Abbreviation in name &apos;preserveRelativeURLs&apos; must contain no more than &apos;1&apos; capital letters." source="com.puppycrawl.tools.checkstyle.checks.naming.AbbreviationAsWordInNameCheck"/>
<error line="433" severity="error" message="Abbreviation in name &apos;setPreserveRelativeURLs&apos; must contain no more than &apos;1&apos; capital letters." source="com.puppycrawl.tools.checkstyle.checks.naming.AbbreviationAsWordInNameCheck"/>
<error line="433" column="3" severity="error" message="Method &apos;setPreserveRelativeURLs&apos; is not designed for extension - needs to be abstract, final or empty." source="com.puppycrawl.tools.checkstyle.checks.design.DesignForExtensionCheck"/>
<error line="433" column="43" severity="error" message="Parameter preserveRelativeURLs should be final." source="com.puppycrawl.tools.checkstyle.checks.FinalParametersCheck"/>
<error line="437" column="3" severity="error" message="Instance variable definition in wrong order." source="com.puppycrawl.tools.checkstyle.checks.coding.DeclarationOrderCheck"/>
<error line="437" column="19" severity="error" message="Variable &apos;requeueOnError&apos; explicitly initialized to &apos;false&apos; (default value for its type)." source="com.puppycrawl.tools.checkstyle.checks.coding.ExplicitInitializationCheck"/>
<error line="448" severity="error" message="&lt;p&gt; tag should be placed immediately before the first word, with no space after." source="com.puppycrawl.tools.checkstyle.checks.javadoc.JavadocParagraphCheck"/>
<error line="448" severity="error" message="&lt;p&gt; tag should be preceded with an empty line." source="com.puppycrawl.tools.checkstyle.checks.javadoc.JavadocParagraphCheck"/>
<error line="458" column="3" severity="error" message="Method &apos;setRequeueOnError&apos; is not designed for extension - needs to be abstract, final or empty." source="com.puppycrawl.tools.checkstyle.checks.design.DesignForExtensionCheck"/>
<error line="458" column="37" severity="error" message="Parameter requeueOnError should be final." source="com.puppycrawl.tools.checkstyle.checks.FinalParametersCheck"/>
<error line="458" column="45" severity="error" message="&apos;requeueOnError&apos; hides a field." source="com.puppycrawl.tools.checkstyle.checks.coding.HiddenFieldCheck"/>
<error line="463" column="3" severity="error" message="Instance variable definition in wrong order." source="com.puppycrawl.tools.checkstyle.checks.coding.DeclarationOrderCheck"/>
<error line="472" severity="error" message="&lt;p&gt; tag should be placed immediately before the first word, with no space after." source="com.puppycrawl.tools.checkstyle.checks.javadoc.JavadocParagraphCheck"/>
<error line="472" severity="error" message="&lt;p&gt; tag should be preceded with an empty line." source="com.puppycrawl.tools.checkstyle.checks.javadoc.JavadocParagraphCheck"/>
<error line="480" column="3" severity="error" message="Method &apos;setHttpSuccess&apos; is not designed for extension - needs to be abstract, final or empty." source="com.puppycrawl.tools.checkstyle.checks.design.DesignForExtensionCheck"/>
<error line="480" column="34" severity="error" message="Parameter httpSuccess should be final." source="com.puppycrawl.tools.checkstyle.checks.FinalParametersCheck"/>
<error line="480" column="42" severity="error" message="&apos;httpSuccess&apos; hides a field." source="com.puppycrawl.tools.checkstyle.checks.coding.HiddenFieldCheck"/>
<error line="495" severity="error" message="&lt;p&gt; tag should be placed immediately before the first word, with no space after." source="com.puppycrawl.tools.checkstyle.checks.javadoc.JavadocParagraphCheck"/>
<error line="495" severity="error" message="&lt;p&gt; tag should be preceded with an empty line." source="com.puppycrawl.tools.checkstyle.checks.javadoc.JavadocParagraphCheck"/>
<error line="498" severity="error" message="&lt;p&gt; tag should be placed immediately before the first word, with no space after." source="com.puppycrawl.tools.checkstyle.checks.javadoc.JavadocParagraphCheck"/>
<error line="498" severity="error" message="&lt;p&gt; tag should be preceded with an empty line." source="com.puppycrawl.tools.checkstyle.checks.javadoc.JavadocParagraphCheck"/>
<error line="501" severity="error" message="&lt;p&gt; tag should be placed immediately before the first word, with no space after." source="com.puppycrawl.tools.checkstyle.checks.javadoc.JavadocParagraphCheck"/>
<error line="501" severity="error" message="&lt;p&gt; tag should be preceded with an empty line." source="com.puppycrawl.tools.checkstyle.checks.javadoc.JavadocParagraphCheck"/>
<error line="508" column="3" severity="error" message="Method &apos;setAssumeSuccessTimeout&apos; is not designed for extension - needs to be abstract, final or empty." source="com.puppycrawl.tools.checkstyle.checks.design.DesignForExtensionCheck"/>
<error line="508" column="43" severity="error" message="Parameter assumeSuccessTimeout should be final." source="com.puppycrawl.tools.checkstyle.checks.FinalParametersCheck"/>
<error line="512" column="3" severity="error" message="Instance variable definition in wrong order." source="com.puppycrawl.tools.checkstyle.checks.coding.DeclarationOrderCheck"/>
<error line="527" column="3" severity="error" message="Method &apos;setFileTypes&apos; is not designed for extension - needs to be abstract, final or empty." source="com.puppycrawl.tools.checkstyle.checks.design.DesignForExtensionCheck"/>
<error line="527" column="32" severity="error" message="Parameter fileTypes should be final." source="com.puppycrawl.tools.checkstyle.checks.FinalParametersCheck"/>
<error line="527" column="39" severity="error" message="&apos;fileTypes&apos; hides a field." source="com.puppycrawl.tools.checkstyle.checks.coding.HiddenFieldCheck"/>
<error line="535" column="3" severity="error" message="Instance variable definition in wrong order." source="com.puppycrawl.tools.checkstyle.checks.coding.DeclarationOrderCheck"/>
<error line="549" column="3" severity="error" message="Method &apos;setFileTypesDescription&apos; is not designed for extension - needs to be abstract, final or empty." source="com.puppycrawl.tools.checkstyle.checks.design.DesignForExtensionCheck"/>
<error line="549" column="43" severity="error" message="Parameter fileTypesDescription should be final." source="com.puppycrawl.tools.checkstyle.checks.FinalParametersCheck"/>
<error line="549" column="50" severity="error" message="&apos;fileTypesDescription&apos; hides a field." source="com.puppycrawl.tools.checkstyle.checks.coding.HiddenFieldCheck"/>
<error line="558" column="3" severity="error" message="Missing a Javadoc comment." source="com.puppycrawl.tools.checkstyle.checks.javadoc.JavadocMethodCheck"/>
<error line="563" column="3" severity="error" message="Instance variable definition in wrong order." source="com.puppycrawl.tools.checkstyle.checks.coding.DeclarationOrderCheck"/>
<error line="563" column="16" severity="error" message="Variable &apos;fileSizeLimit&apos; explicitly initialized to &apos;0&apos; (default value for its type)." source="com.puppycrawl.tools.checkstyle.checks.coding.ExplicitInitializationCheck"/>
<error line="573" severity="error" message="&lt;p&gt; tag should be placed immediately before the first word, with no space after." source="com.puppycrawl.tools.checkstyle.checks.javadoc.JavadocParagraphCheck"/>
<error line="573" severity="error" message="&lt;p&gt; tag should be preceded with an empty line." source="com.puppycrawl.tools.checkstyle.checks.javadoc.JavadocParagraphCheck"/>
<error line="575" severity="error" message="&lt;p&gt; tag should be placed immediately before the first word, with no space after." source="com.puppycrawl.tools.checkstyle.checks.javadoc.JavadocParagraphCheck"/>
<error line="575" severity="error" message="&lt;p&gt; tag should be preceded with an empty line." source="com.puppycrawl.tools.checkstyle.checks.javadoc.JavadocParagraphCheck"/>
<error line="577" severity="error" message="&lt;p&gt; tag should be placed immediately before the first word, with no space after." source="com.puppycrawl.tools.checkstyle.checks.javadoc.JavadocParagraphCheck"/>
<error line="577" severity="error" message="&lt;p&gt; tag should be preceded with an empty line." source="com.puppycrawl.tools.checkstyle.checks.javadoc.JavadocParagraphCheck"/>
<error line="584" column="3" severity="error" message="Cyclomatic Complexity is 13 (max allowed is 10)." source="com.puppycrawl.tools.checkstyle.checks.metrics.CyclomaticComplexityCheck"/>
<error line="584" column="3" severity="error" message="Method &apos;setFileSizeLimit&apos; is not designed for extension - needs to be abstract, final or empty." source="com.puppycrawl.tools.checkstyle.checks.design.DesignForExtensionCheck"/>
<error line="584" column="3" severity="error" message="Method length is 37 lines (max allowed is 20)." source="com.puppycrawl.tools.checkstyle.checks.sizes.MethodLengthCheck"/>
<error line="584" column="36" severity="error" message="Parameter fileSizeLimit should be final." source="com.puppycrawl.tools.checkstyle.checks.FinalParametersCheck"/>
<error line="584" column="43" severity="error" message="&apos;fileSizeLimit&apos; hides a field." source="com.puppycrawl.tools.checkstyle.checks.coding.HiddenFieldCheck"/>
<error line="588" column="11" severity="error" message="Local variable name &apos;i&apos; must match pattern &apos;^[a-z][a-z0-9][a-zA-Z0-9]*$&apos;." source="com.puppycrawl.tools.checkstyle.checks.naming.LocalVariableNameCheck"/>
<error line="591" column="10" severity="error" message="Using &apos;++&apos; is not allowed." source="com.puppycrawl.tools.checkstyle.checks.coding.IllegalTokenCheck"/>
<error line="597" column="12" severity="error" message="Variable &apos;size&apos; should be declared final." source="com.puppycrawl.tools.checkstyle.checks.coding.FinalLocalVariableCheck"/>
<error line="622" column="3" severity="error" message="Missing a Javadoc comment." source="com.puppycrawl.tools.checkstyle.checks.javadoc.JavadocMethodCheck"/>
<error line="627" column="3" severity="error" message="Instance variable definition in wrong order." source="com.puppycrawl.tools.checkstyle.checks.coding.DeclarationOrderCheck"/>
<error line="627" column="16" severity="error" message="Variable &apos;fileUploadLimit&apos; explicitly initialized to &apos;0&apos; (default value for its type)." source="com.puppycrawl.tools.checkstyle.checks.coding.ExplicitInitializationCheck"/>
<error line="628" column="3" severity="error" message="Instance variable definition in wrong order." source="com.puppycrawl.tools.checkstyle.checks.coding.DeclarationOrderCheck"/>
<error line="628" column="16" severity="error" message="Variable &apos;totalFilesUploaded&apos; explicitly initialized to &apos;0&apos; (default value for its type)." source="com.puppycrawl.tools.checkstyle.checks.coding.ExplicitInitializationCheck"/>
<error line="641" severity="error" message="&lt;p&gt; tag should be placed immediately before the first word, with no space after." source="com.puppycrawl.tools.checkstyle.checks.javadoc.JavadocParagraphCheck"/>
<error line="641" severity="error" message="&lt;p&gt; tag should be preceded with an empty line." source="com.puppycrawl.tools.checkstyle.checks.javadoc.JavadocParagraphCheck"/>
<error line="648" column="3" severity="error" message="Method &apos;setFileUploadLimit&apos; is not designed for extension - needs to be abstract, final or empty." source="com.puppycrawl.tools.checkstyle.checks.design.DesignForExtensionCheck"/>
<error line="648" column="38" severity="error" message="Parameter fileUploadLimit should be final." source="com.puppycrawl.tools.checkstyle.checks.FinalParametersCheck"/>
<error line="648" column="43" severity="error" message="&apos;fileUploadLimit&apos; hides a field." source="com.puppycrawl.tools.checkstyle.checks.coding.HiddenFieldCheck"/>
<error line="656" column="3" severity="error" message="Missing a Javadoc comment." source="com.puppycrawl.tools.checkstyle.checks.javadoc.JavadocMethodCheck"/>
<error line="661" column="3" severity="error" message="Instance variable definition in wrong order." source="com.puppycrawl.tools.checkstyle.checks.coding.DeclarationOrderCheck"/>
<error line="677" column="3" severity="error" message="Method &apos;setFileQueueLimit&apos; is not designed for extension - needs to be abstract, final or empty." source="com.puppycrawl.tools.checkstyle.checks.design.DesignForExtensionCheck"/>
<error line="677" column="37" severity="error" message="Parameter fileQueueLimit should be final." source="com.puppycrawl.tools.checkstyle.checks.FinalParametersCheck"/>
<error line="677" column="42" severity="error" message="&apos;fileQueueLimit&apos; hides a field." source="com.puppycrawl.tools.checkstyle.checks.coding.HiddenFieldCheck"/>
<error line="685" column="3" severity="error" message="Missing a Javadoc comment." source="com.puppycrawl.tools.checkstyle.checks.javadoc.JavadocMethodCheck"/>
<error line="690" severity="error" message="Abbreviation in name &apos;flashURL&apos; must contain no more than &apos;1&apos; capital letters." source="com.puppycrawl.tools.checkstyle.checks.naming.AbbreviationAsWordInNameCheck"/>
<error line="690" column="3" severity="error" message="Instance variable definition in wrong order." source="com.puppycrawl.tools.checkstyle.checks.coding.DeclarationOrderCheck"/>
<error line="697" severity="error" message="&lt;p&gt; tag should be placed immediately before the first word, with no space after." source="com.puppycrawl.tools.checkstyle.checks.javadoc.JavadocParagraphCheck"/>
<error line="697" severity="error" message="&lt;p&gt; tag should be preceded with an empty line." source="com.puppycrawl.tools.checkstyle.checks.javadoc.JavadocParagraphCheck"/>
<error line="700" severity="error" message="&lt;p&gt; tag should be placed immediately before the first word, with no space after." source="com.puppycrawl.tools.checkstyle.checks.javadoc.JavadocParagraphCheck"/>
<error line="700" severity="error" message="&lt;p&gt; tag should be preceded with an empty line." source="com.puppycrawl.tools.checkstyle.checks.javadoc.JavadocParagraphCheck"/>
<error line="706" severity="error" message="Abbreviation in name &apos;flashURL&apos; must contain no more than &apos;1&apos; capital letters." source="com.puppycrawl.tools.checkstyle.checks.naming.AbbreviationAsWordInNameCheck"/>
<error line="706" severity="error" message="Abbreviation in name &apos;setFlashURL&apos; must contain no more than &apos;1&apos; capital letters." source="com.puppycrawl.tools.checkstyle.checks.naming.AbbreviationAsWordInNameCheck"/>
<error line="706" column="3" severity="error" message="Method &apos;setFlashURL&apos; is not designed for extension - needs to be abstract, final or empty." source="com.puppycrawl.tools.checkstyle.checks.design.DesignForExtensionCheck"/>
<error line="706" column="31" severity="error" message="Parameter flashURL should be final." source="com.puppycrawl.tools.checkstyle.checks.FinalParametersCheck"/>
<error line="706" column="38" severity="error" message="&apos;flashURL&apos; hides a field." source="com.puppycrawl.tools.checkstyle.checks.coding.HiddenFieldCheck"/>
<error line="722" severity="error" message="&lt;p&gt; tag should be placed immediately before the first word, with no space after." source="com.puppycrawl.tools.checkstyle.checks.javadoc.JavadocParagraphCheck"/>
<error line="722" severity="error" message="&lt;p&gt; tag should be preceded with an empty line." source="com.puppycrawl.tools.checkstyle.checks.javadoc.JavadocParagraphCheck"/>
<error line="725" severity="error" message="&lt;p&gt; tag should be placed immediately before the first word, with no space after." source="com.puppycrawl.tools.checkstyle.checks.javadoc.JavadocParagraphCheck"/>
<error line="725" severity="error" message="&lt;p&gt; tag should be preceded with an empty line." source="com.puppycrawl.tools.checkstyle.checks.javadoc.JavadocParagraphCheck"/>
<error line="732" severity="error" message="Abbreviation in name &apos;preventSWFCaching&apos; must contain no more than &apos;1&apos; capital letters." source="com.puppycrawl.tools.checkstyle.checks.naming.AbbreviationAsWordInNameCheck"/>
<error line="732" severity="error" message="Abbreviation in name &apos;setPreventSWFCaching&apos; must contain no more than &apos;1&apos; capital letters." source="com.puppycrawl.tools.checkstyle.checks.naming.AbbreviationAsWordInNameCheck"/>
<error line="732" column="3" severity="error" message="Method &apos;setPreventSWFCaching&apos; is not designed for extension - needs to be abstract, final or empty." source="com.puppycrawl.tools.checkstyle.checks.design.DesignForExtensionCheck"/>
<error line="732" column="40" severity="error" message="Parameter preventSWFCaching should be final." source="com.puppycrawl.tools.checkstyle.checks.FinalParametersCheck"/>
<error line="742" severity="error" message="&lt;p&gt; tag should be placed immediately before the first word, with no space after." source="com.puppycrawl.tools.checkstyle.checks.javadoc.JavadocParagraphCheck"/>
<error line="742" severity="error" message="&lt;p&gt; tag should be preceded with an empty line." source="com.puppycrawl.tools.checkstyle.checks.javadoc.JavadocParagraphCheck"/>
<error line="748" column="3" severity="error" message="Method &apos;setDebug&apos; is not designed for extension - needs to be abstract, final or empty." source="com.puppycrawl.tools.checkstyle.checks.design.DesignForExtensionCheck"/>
<error line="748" column="28" severity="error" message="Parameter debug should be final." source="com.puppycrawl.tools.checkstyle.checks.FinalParametersCheck"/>
<error line="752" severity="error" message="Abbreviation in name &apos;buttonImageURL&apos; must contain no more than &apos;1&apos; capital letters." source="com.puppycrawl.tools.checkstyle.checks.naming.AbbreviationAsWordInNameCheck"/>
<error line="752" column="3" severity="error" message="Instance variable definition in wrong order." source="com.puppycrawl.tools.checkstyle.checks.coding.DeclarationOrderCheck"/>
<error line="761" severity="error" message="&lt;p&gt; tag should be placed immediately before the first word, with no space after." source="com.puppycrawl.tools.checkstyle.checks.javadoc.JavadocParagraphCheck"/>
<error line="761" severity="error" message="&lt;p&gt; tag should be preceded with an empty line." source="com.puppycrawl.tools.checkstyle.checks.javadoc.JavadocParagraphCheck"/>
<error line="764" severity="error" message="&lt;p&gt; tag should be placed immediately before the first word, with no space after." source="com.puppycrawl.tools.checkstyle.checks.javadoc.JavadocParagraphCheck"/>
<error line="764" severity="error" message="&lt;p&gt; tag should be preceded with an empty line." source="com.puppycrawl.tools.checkstyle.checks.javadoc.JavadocParagraphCheck"/>
<error line="772" severity="error" message="Abbreviation in name &apos;buttonImageURL&apos; must contain no more than &apos;1&apos; capital letters." source="com.puppycrawl.tools.checkstyle.checks.naming.AbbreviationAsWordInNameCheck"/>
<error line="772" severity="error" message="Abbreviation in name &apos;setButtonImageURL&apos; must contain no more than &apos;1&apos; capital letters." source="com.puppycrawl.tools.checkstyle.checks.naming.AbbreviationAsWordInNameCheck"/>
<error line="772" column="3" severity="error" message="Method &apos;setButtonImageURL&apos; is not designed for extension - needs to be abstract, final or empty." source="com.puppycrawl.tools.checkstyle.checks.design.DesignForExtensionCheck"/>
<error line="772" column="37" severity="error" message="Parameter buttonImageURL should be final." source="com.puppycrawl.tools.checkstyle.checks.FinalParametersCheck"/>
<error line="772" column="44" severity="error" message="&apos;buttonImageURL&apos; hides a field." source="com.puppycrawl.tools.checkstyle.checks.coding.HiddenFieldCheck"/>
<error line="780" severity="error" message="Abbreviation in name &apos;nativeSetButtonImageURL&apos; must contain no more than &apos;1&apos; capital letters." source="com.puppycrawl.tools.checkstyle.checks.naming.AbbreviationAsWordInNameCheck"/>
<error line="780" column="3" severity="error" message="Missing a Javadoc comment." source="com.puppycrawl.tools.checkstyle.checks.javadoc.JavadocMethodCheck"/>
<error line="781" severity="error" message="Abbreviation in name &apos;buttonImageURL&apos; must contain no more than &apos;1&apos; capital letters." source="com.puppycrawl.tools.checkstyle.checks.naming.AbbreviationAsWordInNameCheck"/>
<error line="785" column="3" severity="error" message="Instance variable definition in wrong order." source="com.puppycrawl.tools.checkstyle.checks.coding.DeclarationOrderCheck"/>
<error line="798" column="3" severity="error" message="Method &apos;setButtonWidth&apos; is not designed for extension - needs to be abstract, final or empty." source="com.puppycrawl.tools.checkstyle.checks.design.DesignForExtensionCheck"/>
<error line="798" column="34" severity="error" message="Parameter buttonWidth should be final." source="com.puppycrawl.tools.checkstyle.checks.FinalParametersCheck"/>
<error line="798" column="38" severity="error" message="&apos;buttonWidth&apos; hides a field." source="com.puppycrawl.tools.checkstyle.checks.coding.HiddenFieldCheck"/>
<error line="810" column="3" severity="error" message="Instance variable definition in wrong order." source="com.puppycrawl.tools.checkstyle.checks.coding.DeclarationOrderCheck"/>
<error line="823" column="3" severity="error" message="Method &apos;setButtonHeight&apos; is not designed for extension - needs to be abstract, final or empty." source="com.puppycrawl.tools.checkstyle.checks.design.DesignForExtensionCheck"/>
<error line="823" column="35" severity="error" message="Parameter buttonHeight should be final." source="com.puppycrawl.tools.checkstyle.checks.FinalParametersCheck"/>
<error line="823" column="39" severity="error" message="&apos;buttonHeight&apos; hides a field." source="com.puppycrawl.tools.checkstyle.checks.coding.HiddenFieldCheck"/>
<error line="835" column="3" severity="error" message="Missing a Javadoc comment." source="com.puppycrawl.tools.checkstyle.checks.javadoc.JavadocMethodCheck"/>
<error line="840" column="3" severity="error" message="Instance variable definition in wrong order." source="com.puppycrawl.tools.checkstyle.checks.coding.DeclarationOrderCheck"/>
<error line="841" column="3" severity="error" message="Instance variable definition in wrong order." source="com.puppycrawl.tools.checkstyle.checks.coding.DeclarationOrderCheck"/>
<error line="842" column="3" severity="error" message="Instance variable definition in wrong order." source="com.puppycrawl.tools.checkstyle.checks.coding.DeclarationOrderCheck"/>
<error line="860" column="3" severity="error" message="Method &apos;setButtonText&apos; is not designed for extension - needs to be abstract, final or empty." source="com.puppycrawl.tools.checkstyle.checks.design.DesignForExtensionCheck"/>
<error line="860" column="33" severity="error" message="Parameter buttonText should be final." source="com.puppycrawl.tools.checkstyle.checks.FinalParametersCheck"/>
<error line="860" column="40" severity="error" message="&apos;buttonText&apos; hides a field." source="com.puppycrawl.tools.checkstyle.checks.coding.HiddenFieldCheck"/>
<error line="871" column="3" severity="error" message="Missing a Javadoc comment." source="com.puppycrawl.tools.checkstyle.checks.javadoc.JavadocMethodCheck"/>
<error line="875" column="3" severity="error" message="Instance variable definition in wrong order." source="com.puppycrawl.tools.checkstyle.checks.coding.DeclarationOrderCheck"/>
<error line="876" column="3" severity="error" message="Instance variable definition in wrong order." source="com.puppycrawl.tools.checkstyle.checks.coding.DeclarationOrderCheck"/>
<error line="891" column="3" severity="error" message="Method &apos;setButtonTextStyle&apos; is not designed for extension - needs to be abstract, final or empty." source="com.puppycrawl.tools.checkstyle.checks.design.DesignForExtensionCheck"/>
<error line="891" column="38" severity="error" message="Parameter buttonTextStyle should be final." source="com.puppycrawl.tools.checkstyle.checks.FinalParametersCheck"/>
<error line="891" column="45" severity="error" message="&apos;buttonTextStyle&apos; hides a field." source="com.puppycrawl.tools.checkstyle.checks.coding.HiddenFieldCheck"/>
<error line="902" column="3" severity="error" message="Missing a Javadoc comment." source="com.puppycrawl.tools.checkstyle.checks.javadoc.JavadocMethodCheck"/>
<error line="907" column="3" severity="error" message="Instance variable definition in wrong order." source="com.puppycrawl.tools.checkstyle.checks.coding.DeclarationOrderCheck"/>
<error line="922" column="3" severity="error" message="Method &apos;setButtonTextTopPadding&apos; is not designed for extension - needs to be abstract, final or empty." source="com.puppycrawl.tools.checkstyle.checks.design.DesignForExtensionCheck"/>
<error line="922" column="43" severity="error" message="Parameter buttonTextTopPadding should be final." source="com.puppycrawl.tools.checkstyle.checks.FinalParametersCheck"/>
<error line="922" column="47" severity="error" message="&apos;buttonTextTopPadding&apos; hides a field." source="com.puppycrawl.tools.checkstyle.checks.coding.HiddenFieldCheck"/>
<error line="931" column="3" severity="error" message="Instance variable definition in wrong order." source="com.puppycrawl.tools.checkstyle.checks.coding.DeclarationOrderCheck"/>
<error line="946" column="3" severity="error" message="Method &apos;setButtonTextLeftPadding&apos; is not designed for extension - needs to be abstract, final or empty." source="com.puppycrawl.tools.checkstyle.checks.design.DesignForExtensionCheck"/>
<error line="946" column="44" severity="error" message="Parameter buttonTextLeftPadding should be final." source="com.puppycrawl.tools.checkstyle.checks.FinalParametersCheck"/>
<error line="946" column="48" severity="error" message="&apos;buttonTextLeftPadding&apos; hides a field." source="com.puppycrawl.tools.checkstyle.checks.coding.HiddenFieldCheck"/>
<error line="955" column="3" severity="error" message="Missing a Javadoc comment." source="com.puppycrawl.tools.checkstyle.checks.javadoc.JavadocMethodCheck"/>
<error line="961" column="3" severity="error" message="Instance variable definition in wrong order." source="com.puppycrawl.tools.checkstyle.checks.coding.DeclarationOrderCheck"/>
<error line="974" column="3" severity="error" message="Method &apos;setButtonAction&apos; is not designed for extension - needs to be abstract, final or empty." source="com.puppycrawl.tools.checkstyle.checks.design.DesignForExtensionCheck"/>
<error line="974" column="35" severity="error" message="Parameter buttonAction should be final." source="com.puppycrawl.tools.checkstyle.checks.FinalParametersCheck"/>
<error line="974" column="48" severity="error" message="&apos;buttonAction&apos; hides a field." source="com.puppycrawl.tools.checkstyle.checks.coding.HiddenFieldCheck"/>
<error line="979" column="66" severity="error" message="Avoid inline conditionals." source="com.puppycrawl.tools.checkstyle.checks.coding.AvoidInlineConditionalsCheck"/>
<error line="982" column="3" severity="error" message="Missing a Javadoc comment." source="com.puppycrawl.tools.checkstyle.checks.javadoc.JavadocMethodCheck"/>
<error line="987" column="3" severity="error" message="Instance variable definition in wrong order." source="com.puppycrawl.tools.checkstyle.checks.coding.DeclarationOrderCheck"/>
<error line="987" column="19" severity="error" message="Variable &apos;buttonDisabled&apos; explicitly initialized to &apos;false&apos; (default value for its type)." source="com.puppycrawl.tools.checkstyle.checks.coding.ExplicitInitializationCheck"/>
<error line="1001" column="3" severity="error" message="Method &apos;setButtonDisabled&apos; is not designed for extension - needs to be abstract, final or empty." source="com.puppycrawl.tools.checkstyle.checks.design.DesignForExtensionCheck"/>
<error line="1001" column="37" severity="error" message="Parameter buttonDisabled should be final." source="com.puppycrawl.tools.checkstyle.checks.FinalParametersCheck"/>
<error line="1001" column="45" severity="error" message="&apos;buttonDisabled&apos; hides a field." source="com.puppycrawl.tools.checkstyle.checks.coding.HiddenFieldCheck"/>
<error line="1009" column="74" severity="error" message="&apos;3&apos; is a magic number." source="com.puppycrawl.tools.checkstyle.checks.coding.MagicNumberCheck"/>
<error line="1021" severity="error" message="@return tag description should start with capital letter" source="com.puppycrawl.tools.checkstyle.checks.regexp.RegexpSinglelineCheck"/>
<error line="1022" severity="error" message="Line continuation have incorrect indentation level, expected level should be 4." source="com.puppycrawl.tools.checkstyle.checks.javadoc.JavadocTagContinuationIndentationCheck"/>
<error line="1024" column="3" severity="error" message="Method &apos;getButtonDisabled&apos; is not designed for extension - needs to be abstract, final or empty." source="com.puppycrawl.tools.checkstyle.checks.design.DesignForExtensionCheck"/>
<error line="1028" column="3" severity="error" message="Missing a Javadoc comment." source="com.puppycrawl.tools.checkstyle.checks.javadoc.JavadocMethodCheck"/>
<error line="1033" column="3" severity="error" message="Instance variable definition in wrong order." source="com.puppycrawl.tools.checkstyle.checks.coding.DeclarationOrderCheck"/>
<error line="1048" column="3" severity="error" message="Method &apos;setButtonCursor&apos; is not designed for extension - needs to be abstract, final or empty." source="com.puppycrawl.tools.checkstyle.checks.design.DesignForExtensionCheck"/>
<error line="1048" column="35" severity="error" message="Parameter cursor should be final." source="com.puppycrawl.tools.checkstyle.checks.FinalParametersCheck"/>
<error line="1053" column="60" severity="error" message="Avoid inline conditionals." source="com.puppycrawl.tools.checkstyle.checks.coding.AvoidInlineConditionalsCheck"/>
<error line="1056" column="3" severity="error" message="Missing a Javadoc comment." source="com.puppycrawl.tools.checkstyle.checks.javadoc.JavadocMethodCheck"/>
<error line="1068" severity="error" message="&lt;p&gt; tag should be placed immediately before the first word, with no space after." source="com.puppycrawl.tools.checkstyle.checks.javadoc.JavadocParagraphCheck"/>
<error line="1068" severity="error" message="&lt;p&gt; tag should be preceded with an empty line." source="com.puppycrawl.tools.checkstyle.checks.javadoc.JavadocParagraphCheck"/>
<error line="1075" column="3" severity="error" message="Method &apos;setButtonWindowMode&apos; is not designed for extension - needs to be abstract, final or empty." source="com.puppycrawl.tools.checkstyle.checks.design.DesignForExtensionCheck"/>
<error line="1075" column="39" severity="error" message="Parameter buttonWindowMode should be final." source="com.puppycrawl.tools.checkstyle.checks.FinalParametersCheck"/>
<error line="1077" column="52" severity="error" message="Avoid inline conditionals." source="com.puppycrawl.tools.checkstyle.checks.coding.AvoidInlineConditionalsCheck"/>
<error line="1080" column="3" severity="error" message="Instance variable definition in wrong order." source="com.puppycrawl.tools.checkstyle.checks.coding.DeclarationOrderCheck"/>
<error line="1102" column="3" severity="error" message="Method &apos;setCustomSettings&apos; is not designed for extension - needs to be abstract, final or empty." source="com.puppycrawl.tools.checkstyle.checks.design.DesignForExtensionCheck"/>
<error line="1102" column="37" severity="error" message="Parameter customSettings should be final." source="com.puppycrawl.tools.checkstyle.checks.FinalParametersCheck"/>
<error line="1102" column="48" severity="error" message="&apos;customSettings&apos; hides a field." source="com.puppycrawl.tools.checkstyle.checks.coding.HiddenFieldCheck"/>
<error line="1115" column="3" severity="error" message="Method &apos;getCustomSettings&apos; is not designed for extension - needs to be abstract, final or empty." source="com.puppycrawl.tools.checkstyle.checks.design.DesignForExtensionCheck"/>
<error line="1119" column="3" severity="error" message="Instance variable definition in wrong order." source="com.puppycrawl.tools.checkstyle.checks.coding.DeclarationOrderCheck"/>
<error line="1127" column="3" severity="error" message="Method &apos;getStats&apos; is not designed for extension - needs to be abstract, final or empty." source="com.puppycrawl.tools.checkstyle.checks.design.DesignForExtensionCheck"/>
<error line="1127" column="3" severity="error" message="Return count is 2 (max allowed is 1)." source="com.puppycrawl.tools.checkstyle.checks.coding.ReturnCountCheck"/>
<error line="1136" column="3" severity="error" message="Missing a Javadoc comment." source="com.puppycrawl.tools.checkstyle.checks.javadoc.JavadocMethodCheck"/>
<error line="1140" column="3" severity="error" message="Instance variable definition in wrong order." source="com.puppycrawl.tools.checkstyle.checks.coding.DeclarationOrderCheck"/>
<error line="1144" severity="error" message="&lt;p&gt; tag should be placed immediately before the first word, with no space after." source="com.puppycrawl.tools.checkstyle.checks.javadoc.JavadocParagraphCheck"/>
<error line="1144" severity="error" message="&lt;p&gt; tag should be preceded with an empty line." source="com.puppycrawl.tools.checkstyle.checks.javadoc.JavadocParagraphCheck"/>
<error line="1151" severity="error" message="Abbreviation in name &apos;setSWFUploadLoadedHandler&apos; must contain no more than &apos;1&apos; capital letters." source="com.puppycrawl.tools.checkstyle.checks.naming.AbbreviationAsWordInNameCheck"/>
<error line="1151" column="3" severity="error" message="Method &apos;setSWFUploadLoadedHandler&apos; is not designed for extension - needs to be abstract, final or empty." source="com.puppycrawl.tools.checkstyle.checks.design.DesignForExtensionCheck"/>
<error line="1151" column="45" severity="error" message="Parameter swfUploadLoadedHandler should be final." source="com.puppycrawl.tools.checkstyle.checks.FinalParametersCheck"/>
<error line="1151" column="68" severity="error" message="&apos;swfUploadLoadedHandler&apos; hides a field." source="com.puppycrawl.tools.checkstyle.checks.coding.HiddenFieldCheck"/>
<error line="1156" column="3" severity="error" message="Instance variable definition in wrong order." source="com.puppycrawl.tools.checkstyle.checks.coding.DeclarationOrderCheck"/>
<error line="1165" column="3" severity="error" message="Method &apos;setFileDialogStartHandler&apos; is not designed for extension - needs to be abstract, final or empty." source="com.puppycrawl.tools.checkstyle.checks.design.DesignForExtensionCheck"/>
<error line="1165" column="45" severity="error" message="Parameter fileDialogStartHandler should be final." source="com.puppycrawl.tools.checkstyle.checks.FinalParametersCheck"/>
<error line="1165" column="68" severity="error" message="&apos;fileDialogStartHandler&apos; hides a field." source="com.puppycrawl.tools.checkstyle.checks.coding.HiddenFieldCheck"/>
<error line="1170" column="3" severity="error" message="Instance variable definition in wrong order." source="com.puppycrawl.tools.checkstyle.checks.coding.DeclarationOrderCheck"/>
<error line="1179" column="3" severity="error" message="Method &apos;setFileQueuedHandler&apos; is not designed for extension - needs to be abstract, final or empty." source="com.puppycrawl.tools.checkstyle.checks.design.DesignForExtensionCheck"/>
<error line="1179" column="40" severity="error" message="Parameter fileQueuedHandler should be final." source="com.puppycrawl.tools.checkstyle.checks.FinalParametersCheck"/>
<error line="1179" column="58" severity="error" message="&apos;fileQueuedHandler&apos; hides a field." source="com.puppycrawl.tools.checkstyle.checks.coding.HiddenFieldCheck"/>
<error line="1184" column="3" severity="error" message="Instance variable definition in wrong order." source="com.puppycrawl.tools.checkstyle.checks.coding.DeclarationOrderCheck"/>
<error line="1193" column="3" severity="error" message="Method &apos;setFileQueueErrorHandler&apos; is not designed for extension - needs to be abstract, final or empty." source="com.puppycrawl.tools.checkstyle.checks.design.DesignForExtensionCheck"/>
<error line="1193" column="44" severity="error" message="Parameter fileQueueErrorHandler should be final." source="com.puppycrawl.tools.checkstyle.checks.FinalParametersCheck"/>
<error line="1193" column="66" severity="error" message="&apos;fileQueueErrorHandler&apos; hides a field." source="com.puppycrawl.tools.checkstyle.checks.coding.HiddenFieldCheck"/>
<error line="1198" column="3" severity="error" message="Instance variable definition in wrong order." source="com.puppycrawl.tools.checkstyle.checks.coding.DeclarationOrderCheck"/>
<error line="1207" column="3" severity="error" message="Method &apos;setFileDialogCompleteHandler&apos; is not designed for extension - needs to be abstract, final or empty." source="com.puppycrawl.tools.checkstyle.checks.design.DesignForExtensionCheck"/>
<error line="1208" column="7" severity="error" message="Parameter fileDialogCompleteHandler should be final." source="com.puppycrawl.tools.checkstyle.checks.FinalParametersCheck"/>
<error line="1208" column="33" severity="error" message="&apos;fileDialogCompleteHandler&apos; hides a field." source="com.puppycrawl.tools.checkstyle.checks.coding.HiddenFieldCheck"/>
<error line="1213" column="3" severity="error" message="Instance variable definition in wrong order." source="com.puppycrawl.tools.checkstyle.checks.coding.DeclarationOrderCheck"/>
<error line="1222" column="3" severity="error" message="Method &apos;setUploadCompleteHandler&apos; is not designed for extension - needs to be abstract, final or empty." source="com.puppycrawl.tools.checkstyle.checks.design.DesignForExtensionCheck"/>
<error line="1222" column="44" severity="error" message="Parameter uploadCompleteHandler should be final." source="com.puppycrawl.tools.checkstyle.checks.FinalParametersCheck"/>
<error line="1222" column="66" severity="error" message="&apos;uploadCompleteHandler&apos; hides a field." source="com.puppycrawl.tools.checkstyle.checks.coding.HiddenFieldCheck"/>
<error line="1227" column="3" severity="error" message="Instance variable definition in wrong order." source="com.puppycrawl.tools.checkstyle.checks.coding.DeclarationOrderCheck"/>
<error line="1236" column="3" severity="error" message="Method &apos;setUploadErrorHandler&apos; is not designed for extension - needs to be abstract, final or empty." source="com.puppycrawl.tools.checkstyle.checks.design.DesignForExtensionCheck"/>
<error line="1236" column="41" severity="error" message="Parameter uploadErrorHandler should be final." source="com.puppycrawl.tools.checkstyle.checks.FinalParametersCheck"/>
<error line="1236" column="60" severity="error" message="&apos;uploadErrorHandler&apos; hides a field." source="com.puppycrawl.tools.checkstyle.checks.coding.HiddenFieldCheck"/>
<error line="1241" column="3" severity="error" message="Instance variable definition in wrong order." source="com.puppycrawl.tools.checkstyle.checks.coding.DeclarationOrderCheck"/>
<error line="1250" column="3" severity="error" message="Method &apos;setUploadProgressHandler&apos; is not designed for extension - needs to be abstract, final or empty." source="com.puppycrawl.tools.checkstyle.checks.design.DesignForExtensionCheck"/>
<error line="1250" column="44" severity="error" message="Parameter uploadProgressHandler should be final." source="com.puppycrawl.tools.checkstyle.checks.FinalParametersCheck"/>
<error line="1250" column="66" severity="error" message="&apos;uploadProgressHandler&apos; hides a field." source="com.puppycrawl.tools.checkstyle.checks.coding.HiddenFieldCheck"/>
<error line="1255" column="3" severity="error" message="Instance variable definition in wrong order." source="com.puppycrawl.tools.checkstyle.checks.coding.DeclarationOrderCheck"/>
<error line="1264" column="3" severity="error" message="Method &apos;setUploadStartHandler&apos; is not designed for extension - needs to be abstract, final or empty." source="com.puppycrawl.tools.checkstyle.checks.design.DesignForExtensionCheck"/>
<error line="1264" column="41" severity="error" message="Parameter uploadStartHandler should be final." source="com.puppycrawl.tools.checkstyle.checks.FinalParametersCheck"/>
<error line="1264" column="60" severity="error" message="&apos;uploadStartHandler&apos; hides a field." source="com.puppycrawl.tools.checkstyle.checks.coding.HiddenFieldCheck"/>
<error line="1269" column="3" severity="error" message="Instance variable definition in wrong order." source="com.puppycrawl.tools.checkstyle.checks.coding.DeclarationOrderCheck"/>
<error line="1278" column="3" severity="error" message="Method &apos;setUploadSuccessHandler&apos; is not designed for extension - needs to be abstract, final or empty." source="com.puppycrawl.tools.checkstyle.checks.design.DesignForExtensionCheck"/>
<error line="1278" column="43" severity="error" message="Parameter uploadSuccessHandler should be final." source="com.puppycrawl.tools.checkstyle.checks.FinalParametersCheck"/>
<error line="1278" column="64" severity="error" message="&apos;uploadSuccessHandler&apos; hides a field." source="com.puppycrawl.tools.checkstyle.checks.coding.HiddenFieldCheck"/>
<error line="1284" column="3" severity="error" message="Instance variable definition in wrong order." source="com.puppycrawl.tools.checkstyle.checks.coding.DeclarationOrderCheck"/>
<error line="1309" severity="error" message="&lt;p&gt; tag should be placed immediately before the first word, with no space after." source="com.puppycrawl.tools.checkstyle.checks.javadoc.JavadocParagraphCheck"/>
<error line="1309" severity="error" message="&lt;p&gt; tag should be preceded with an empty line." source="com.puppycrawl.tools.checkstyle.checks.javadoc.JavadocParagraphCheck"/>
<error line="1312" severity="error" message="&lt;p&gt; tag should be placed immediately before the first word, with no space after." source="com.puppycrawl.tools.checkstyle.checks.javadoc.JavadocParagraphCheck"/>
<error line="1312" severity="error" message="&lt;p&gt; tag should be preceded with an empty line." source="com.puppycrawl.tools.checkstyle.checks.javadoc.JavadocParagraphCheck"/>
<error line="1325" severity="error" message="&lt;p&gt; tag should be placed immediately before the first word, with no space after." source="com.puppycrawl.tools.checkstyle.checks.javadoc.JavadocParagraphCheck"/>
<error line="1325" severity="error" message="&lt;p&gt; tag should be preceded with an empty line." source="com.puppycrawl.tools.checkstyle.checks.javadoc.JavadocParagraphCheck"/>
<error line="1327" severity="error" message="@param tag description should start with capital letter" source="com.puppycrawl.tools.checkstyle.checks.regexp.RegexpSinglelineCheck"/>
<error line="1331" column="3" severity="error" message="Method &apos;setOption&apos; is not designed for extension - needs to be abstract, final or empty." source="com.puppycrawl.tools.checkstyle.checks.design.DesignForExtensionCheck"/>
<error line="1331" column="29" severity="error" message="Parameter path should be final." source="com.puppycrawl.tools.checkstyle.checks.FinalParametersCheck"/>
<error line="1331" column="42" severity="error" message="Parameter value should be final." source="com.puppycrawl.tools.checkstyle.checks.FinalParametersCheck"/>
<error line="1338" severity="error" message="Abbreviation in name &apos;lastXMLHttpRequest&apos; must contain no more than &apos;1&apos; capital letters." source="com.puppycrawl.tools.checkstyle.checks.naming.AbbreviationAsWordInNameCheck"/>
<error line="1338" column="3" severity="error" message="Instance variable definition in wrong order." source="com.puppycrawl.tools.checkstyle.checks.coding.DeclarationOrderCheck"/>
<error line="1338" column="28" severity="error" message="Variable &apos;lastXMLHttpRequest&apos; explicitly initialized to &apos;null&apos; (default value for its type)." source="com.puppycrawl.tools.checkstyle.checks.coding.ExplicitInitializationCheck"/>
<error line="1343" column="3" severity="error" message="Method &apos;startUpload&apos; is not designed for extension - needs to be abstract, final or empty." source="com.puppycrawl.tools.checkstyle.checks.design.DesignForExtensionCheck"/>
<error line="1343" column="3" severity="error" message="Method length is 41 lines (max allowed is 20)." source="com.puppycrawl.tools.checkstyle.checks.sizes.MethodLengthCheck"/>
<error line="1356" column="24" severity="error" message="Variable &apos;nativeFile&apos; should be declared final." source="com.puppycrawl.tools.checkstyle.checks.coding.FinalLocalVariableCheck"/>
<error line="1377" column="67" severity="error" message="Avoid inline conditionals." source="com.puppycrawl.tools.checkstyle.checks.coding.AvoidInlineConditionalsCheck"/>
<error line="1378" column="54" severity="error" message="Avoid inline conditionals." source="com.puppycrawl.tools.checkstyle.checks.coding.AvoidInlineConditionalsCheck"/>
<error line="1379" column="52" severity="error" message="Avoid inline conditionals." source="com.puppycrawl.tools.checkstyle.checks.coding.AvoidInlineConditionalsCheck"/>
<error line="1385" severity="error" message="Abbreviation in name &apos;nativeStartSWFUpload&apos; must contain no more than &apos;1&apos; capital letters." source="com.puppycrawl.tools.checkstyle.checks.naming.AbbreviationAsWordInNameCheck"/>
<error line="1385" column="3" severity="error" message="Missing a Javadoc comment." source="com.puppycrawl.tools.checkstyle.checks.javadoc.JavadocMethodCheck"/>
<error line="1390" column="3" severity="error" message="Missing a Javadoc comment." source="com.puppycrawl.tools.checkstyle.checks.javadoc.JavadocMethodCheck"/>
<error line="1390" column="35" severity="error" message="More than 3 parameters (found 4)." source="com.puppycrawl.tools.checkstyle.checks.sizes.ParameterNumberCheck"/>
<error line="1391" column="49" severity="error" message="&apos;filePostName&apos; hides a field." source="com.puppycrawl.tools.checkstyle.checks.coding.HiddenFieldCheck"/>
<error line="1391" column="80" severity="error" message="&apos;postParams&apos; hides a field." source="com.puppycrawl.tools.checkstyle.checks.coding.HiddenFieldCheck"/>
<error line="1398" severity="error" message="Line is longer than 100 characters (found 140)." source="com.puppycrawl.tools.checkstyle.checks.sizes.LineLengthCheck"/>
<error line="1404" severity="error" message="Line is longer than 100 characters (found 173)." source="com.puppycrawl.tools.checkstyle.checks.sizes.LineLengthCheck"/>
<error line="1405" severity="error" message="Line is longer than 100 characters (found 136)." source="com.puppycrawl.tools.checkstyle.checks.sizes.LineLengthCheck"/>
<error line="1414" severity="error" message="Line is longer than 100 characters (found 154)." source="com.puppycrawl.tools.checkstyle.checks.sizes.LineLengthCheck"/>
<error line="1415" severity="error" message="Line is longer than 100 characters (found 136)." source="com.puppycrawl.tools.checkstyle.checks.sizes.LineLengthCheck"/>
<error line="1424" severity="error" message="Line is longer than 100 characters (found 154)." source="com.puppycrawl.tools.checkstyle.checks.sizes.LineLengthCheck"/>
<error line="1425" severity="error" message="Line is longer than 100 characters (found 136)." source="com.puppycrawl.tools.checkstyle.checks.sizes.LineLengthCheck"/>
<error line="1458" severity="error" message="Overload methods should not be split. Previous overloaded method located at line &apos;1,343&apos;." source="com.puppycrawl.tools.checkstyle.checks.coding.OverloadMethodsDeclarationOrderCheck"/>
<error line="1458" column="3" severity="error" message="Method &apos;startUpload&apos; is not designed for extension - needs to be abstract, final or empty." source="com.puppycrawl.tools.checkstyle.checks.design.DesignForExtensionCheck"/>
<error line="1458" column="27" severity="error" message="Parameter fileId should be final." source="com.puppycrawl.tools.checkstyle.checks.FinalParametersCheck"/>
<error line="1465" column="3" severity="error" message="Missing a Javadoc comment." source="com.puppycrawl.tools.checkstyle.checks.javadoc.JavadocMethodCheck"/>
<error line="1472" severity="error" message="@param tag description should start with capital letter" source="com.puppycrawl.tools.checkstyle.checks.regexp.RegexpSinglelineCheck"/>
<error line="1473" severity="error" message="@param tag description should start with capital letter" source="com.puppycrawl.tools.checkstyle.checks.regexp.RegexpSinglelineCheck"/>
<error line="1475" column="3" severity="error" message="Cyclomatic Complexity is 11 (max allowed is 10)." source="com.puppycrawl.tools.checkstyle.checks.metrics.CyclomaticComplexityCheck"/>
<error line="1475" column="3" severity="error" message="Executable statement count is 23 (max allowed is 20)." source="com.puppycrawl.tools.checkstyle.checks.sizes.ExecutableStatementCountCheck"/>
<error line="1475" column="3" severity="error" message="Method &apos;cancelUpload&apos; is not designed for extension - needs to be abstract, final or empty." source="com.puppycrawl.tools.checkstyle.checks.design.DesignForExtensionCheck"/>
<error line="1475" column="3" severity="error" message="Method length is 59 lines (max allowed is 20)." source="com.puppycrawl.tools.checkstyle.checks.sizes.MethodLengthCheck"/>
<error line="1475" column="28" severity="error" message="Parameter fileId should be final." source="com.puppycrawl.tools.checkstyle.checks.FinalParametersCheck"/>
<error line="1475" column="43" severity="error" message="Parameter triggerErrorEvent should be final." source="com.puppycrawl.tools.checkstyle.checks.FinalParametersCheck"/>
<error line="1479" column="24" severity="error" message="Variable &apos;nativeFile&apos; should be declared final." source="com.puppycrawl.tools.checkstyle.checks.coding.FinalLocalVariableCheck"/>
<error line="1486" column="9" severity="error" message="Nested if-else depth is 2 (max allowed is 1)." source="com.puppycrawl.tools.checkstyle.checks.coding.NestedIfDepthCheck"/>
<error line="1488" column="11" severity="error" message="Nested if-else depth is 3 (max allowed is 1)." source="com.puppycrawl.tools.checkstyle.checks.coding.NestedIfDepthCheck"/>
<error line="1493" column="15" severity="error" message="Catching &apos;Throwable&apos; is not allowed." source="com.puppycrawl.tools.checkstyle.checks.coding.IllegalCatchCheck"/>
<error line="1493" column="22" severity="error" message="Parameter t should be final." source="com.puppycrawl.tools.checkstyle.checks.FinalParametersCheck"/>
<error line="1493" column="32" severity="error" message="Catch parameter name &apos;t&apos; must match pattern &apos;^[a-z][a-z0-9][a-zA-Z0-9]*$&apos;." source="com.puppycrawl.tools.checkstyle.checks.naming.CatchParameterNameCheck"/>
<error line="1506" column="9" severity="error" message="Nested if-else depth is 2 (max allowed is 1)." source="com.puppycrawl.tools.checkstyle.checks.coding.NestedIfDepthCheck"/>
<error line="1508" column="11" severity="error" message="Nested if-else depth is 3 (max allowed is 1)." source="com.puppycrawl.tools.checkstyle.checks.coding.NestedIfDepthCheck"/>
<error line="1521" column="9" severity="error" message="Nested if-else depth is 2 (max allowed is 1)." source="com.puppycrawl.tools.checkstyle.checks.coding.NestedIfDepthCheck"/>
<error line="1535" severity="error" message="Abbreviation in name &apos;nativeAbortXMLHttpRequest&apos; must contain no more than &apos;1&apos; capital letters." source="com.puppycrawl.tools.checkstyle.checks.naming.AbbreviationAsWordInNameCheck"/>
<error line="1535" column="3" severity="error" message="Missing a Javadoc comment." source="com.puppycrawl.tools.checkstyle.checks.javadoc.JavadocMethodCheck"/>
<error line="1539" column="3" severity="error" message="Missing a Javadoc comment." source="com.puppycrawl.tools.checkstyle.checks.javadoc.JavadocMethodCheck"/>
<error line="1547" severity="error" message="Overload methods should not be split. Previous overloaded method located at line &apos;1,475&apos;." source="com.puppycrawl.tools.checkstyle.checks.coding.OverloadMethodsDeclarationOrderCheck"/>
<error line="1547" column="3" severity="error" message="Method &apos;cancelUpload&apos; is not designed for extension - needs to be abstract, final or empty." source="com.puppycrawl.tools.checkstyle.checks.design.DesignForExtensionCheck"/>
<error line="1557" severity="error" message="Overload methods should not be split. Previous overloaded method located at line &apos;1,539&apos;." source="com.puppycrawl.tools.checkstyle.checks.coding.OverloadMethodsDeclarationOrderCheck"/>
<error line="1557" column="3" severity="error" message="Missing a Javadoc comment." source="com.puppycrawl.tools.checkstyle.checks.javadoc.JavadocMethodCheck"/>
<error line="1567" severity="error" message="Overload methods should not be split. Previous overloaded method located at line &apos;1,547&apos;." source="com.puppycrawl.tools.checkstyle.checks.coding.OverloadMethodsDeclarationOrderCheck"/>
<error line="1567" column="3" severity="error" message="Method &apos;cancelUpload&apos; is not designed for extension - needs to be abstract, final or empty." source="com.puppycrawl.tools.checkstyle.checks.design.DesignForExtensionCheck"/>
<error line="1567" column="28" severity="error" message="Parameter fileId should be final." source="com.puppycrawl.tools.checkstyle.checks.FinalParametersCheck"/>
<error line="1575" severity="error" message="Overload methods should not be split. Previous overloaded method located at line &apos;1,557&apos;." source="com.puppycrawl.tools.checkstyle.checks.coding.OverloadMethodsDeclarationOrderCheck"/>
<error line="1575" column="3" severity="error" message="Missing a Javadoc comment." source="com.puppycrawl.tools.checkstyle.checks.javadoc.JavadocMethodCheck"/>
<error line="1582" severity="error" message="@param tag description should start with capital letter" source="com.puppycrawl.tools.checkstyle.checks.regexp.RegexpSinglelineCheck"/>
<error line="1584" severity="error" message="Overload methods should not be split. Previous overloaded method located at line &apos;1,567&apos;." source="com.puppycrawl.tools.checkstyle.checks.coding.OverloadMethodsDeclarationOrderCheck"/>
<error line="1584" column="3" severity="error" message="Method &apos;cancelUpload&apos; is not designed for extension - needs to be abstract, final or empty." source="com.puppycrawl.tools.checkstyle.checks.design.DesignForExtensionCheck"/>
<error line="1584" column="28" severity="error" message="Parameter triggerErrorEvent should be final." source="com.puppycrawl.tools.checkstyle.checks.FinalParametersCheck"/>
<error line="1594" severity="error" message="Overload methods should not be split. Previous overloaded method located at line &apos;1,575&apos;." source="com.puppycrawl.tools.checkstyle.checks.coding.OverloadMethodsDeclarationOrderCheck"/>
<error line="1594" column="3" severity="error" message="Missing a Javadoc comment." source="com.puppycrawl.tools.checkstyle.checks.javadoc.JavadocMethodCheck"/>
<error line="1604" severity="error" message="@param tag description should start with capital letter" source="com.puppycrawl.tools.checkstyle.checks.regexp.RegexpSinglelineCheck"/>
<error line="1605" severity="error" message="@param tag description should start with capital letter" source="com.puppycrawl.tools.checkstyle.checks.regexp.RegexpSinglelineCheck"/>
<error line="1607" column="27" severity="error" message="Parameter fileId should be final." source="com.puppycrawl.tools.checkstyle.checks.FinalParametersCheck"/>
<error line="1607" column="42" severity="error" message="Parameter triggerErrorEvent should be final." source="com.puppycrawl.tools.checkstyle.checks.FinalParametersCheck"/>
<error line="1614" column="3" severity="error" message="Missing a Javadoc comment." source="com.puppycrawl.tools.checkstyle.checks.javadoc.JavadocMethodCheck"/>
<error line="1619" column="3" severity="error" message="Instance variable definition in wrong order." source="com.puppycrawl.tools.checkstyle.checks.coding.DeclarationOrderCheck"/>
<error line="1624" severity="error" message="&lt;p&gt; tag should be placed immediately before the first word, with no space after." source="com.puppycrawl.tools.checkstyle.checks.javadoc.JavadocParagraphCheck"/>
<error line="1624" severity="error" message="&lt;p&gt; tag should be preceded with an empty line." source="com.puppycrawl.tools.checkstyle.checks.javadoc.JavadocParagraphCheck"/>
<error line="1628" severity="error" message="@return tag description should start with capital letter" source="com.puppycrawl.tools.checkstyle.checks.regexp.RegexpSinglelineCheck"/>
<error line="1629" severity="error" message="Line continuation have incorrect indentation level, expected level should be 4." source="com.puppycrawl.tools.checkstyle.checks.javadoc.JavadocTagContinuationIndentationCheck"/>
<error line="1635" severity="error" message="Abbreviation in name &apos;isFileAPISupported&apos; must contain no more than &apos;1&apos; capital letters." source="com.puppycrawl.tools.checkstyle.checks.naming.AbbreviationAsWordInNameCheck"/>
<error line="1635" column="3" severity="error" message="Missing a Javadoc comment." source="com.puppycrawl.tools.checkstyle.checks.javadoc.JavadocMethodCheck"/>
<error line="1641" column="3" severity="error" message="Missing a Javadoc comment." source="com.puppycrawl.tools.checkstyle.checks.javadoc.JavadocMethodCheck"/>
<error line="1646" column="3" severity="error" message="Missing a Javadoc comment." source="com.puppycrawl.tools.checkstyle.checks.javadoc.JavadocMethodCheck"/>
<error line="1651" column="3" severity="error" message="Instance variable definition in wrong order." source="com.puppycrawl.tools.checkstyle.checks.coding.DeclarationOrderCheck"/>
<error line="1652" column="3" severity="error" message="Instance variable definition in wrong order." source="com.puppycrawl.tools.checkstyle.checks.coding.DeclarationOrderCheck"/>
<error line="1652" column="11" severity="error" message="Declaring variables, return values or parameters of type &apos;HashMap&apos; is not allowed." source="com.puppycrawl.tools.checkstyle.checks.coding.IllegalTypeCheck"/>
<error line="1656" column="3" severity="error" message="Instance variable definition in wrong order." source="com.puppycrawl.tools.checkstyle.checks.coding.DeclarationOrderCheck"/>
<error line="1658" column="3" severity="error" message="Cyclomatic Complexity is 15 (max allowed is 10)." source="com.puppycrawl.tools.checkstyle.checks.metrics.CyclomaticComplexityCheck"/>
<error line="1658" column="3" severity="error" message="Executable statement count is 56 (max allowed is 20)." source="com.puppycrawl.tools.checkstyle.checks.sizes.ExecutableStatementCountCheck"/>
<error line="1658" column="3" severity="error" message="Method &apos;onLoad&apos; is not designed for extension - needs to be abstract, final or empty." source="com.puppycrawl.tools.checkstyle.checks.design.DesignForExtensionCheck"/>
<error line="1658" column="3" severity="error" message="Method length is 170 lines (max allowed is 20)." source="com.puppycrawl.tools.checkstyle.checks.sizes.MethodLengthCheck"/>
<error line="1658" column="3" severity="error" message="NCSS for this method is 94 (max allowed is 50)." source="com.puppycrawl.tools.checkstyle.checks.metrics.JavaNCSSCheck"/>
<error line="1658" column="3" severity="error" message="NPath Complexity is 728 (max allowed is 200)." source="com.puppycrawl.tools.checkstyle.checks.metrics.NPathComplexityCheck"/>
<error line="1684" column="13" severity="error" message="Variable &apos;button&apos; should be declared final." source="com.puppycrawl.tools.checkstyle.checks.coding.FinalLocalVariableCheck"/>
<error line="1688" severity="error" message="switch without &quot;default&quot; clause." source="com.puppycrawl.tools.checkstyle.checks.coding.MissingSwitchDefaultCheck"/>
<error line="1700" column="29" severity="error" message="Parameter event should be final." source="com.puppycrawl.tools.checkstyle.checks.FinalParametersCheck"/>
<error line="1720" column="33" severity="error" message="Parameter event should be final." source="com.puppycrawl.tools.checkstyle.checks.FinalParametersCheck"/>
<error line="1728" column="32" severity="error" message="Parameter event should be final." source="com.puppycrawl.tools.checkstyle.checks.FinalParametersCheck"/>
<error line="1735" column="33" severity="error" message="Parameter event should be final." source="com.puppycrawl.tools.checkstyle.checks.FinalParametersCheck"/>
<error line="1743" column="31" severity="error" message="Parameter event should be final." source="com.puppycrawl.tools.checkstyle.checks.FinalParametersCheck"/>
<error line="1760" column="47" severity="error" message="&apos;100&apos; is a magic number." source="com.puppycrawl.tools.checkstyle.checks.coding.MagicNumberCheck"/>
<error line="1761" column="48" severity="error" message="&apos;100&apos; is a magic number." source="com.puppycrawl.tools.checkstyle.checks.coding.MagicNumberCheck"/>
<error line="1762" column="9" severity="error" message="Nested if-else depth is 2 (max allowed is 1)." source="com.puppycrawl.tools.checkstyle.checks.coding.NestedIfDepthCheck"/>
<error line="1765" column="9" severity="error" message="Nested if-else depth is 2 (max allowed is 1)." source="com.puppycrawl.tools.checkstyle.checks.coding.NestedIfDepthCheck"/>
<error line="1774" column="9" severity="error" message="Nested if-else depth is 2 (max allowed is 1)." source="com.puppycrawl.tools.checkstyle.checks.coding.NestedIfDepthCheck"/>
<error line="1776" column="76" severity="error" message="&apos;3&apos; is a magic number." source="com.puppycrawl.tools.checkstyle.checks.coding.MagicNumberCheck"/>
<error line="1780" column="48" severity="error" message="&apos;100&apos; is a magic number." source="com.puppycrawl.tools.checkstyle.checks.coding.MagicNumberCheck"/>
<error line="1781" column="49" severity="error" message="&apos;100&apos; is a magic number." source="com.puppycrawl.tools.checkstyle.checks.coding.MagicNumberCheck"/>
<error line="1797" column="18" severity="error" message="Variable &apos;swfUploadElement&apos; should be declared final." source="com.puppycrawl.tools.checkstyle.checks.coding.FinalLocalVariableCheck"/>
<error line="1801" severity="error" message="Distance between variable &apos;nativeOptions&apos; declaration and its first usage is 11, but allowed 3.  Consider to make that variable as final if you still need to store its value in advance (before method calls that might do side effect on original value)." source="com.puppycrawl.tools.checkstyle.checks.coding.VariableDeclarationUsageDistanceCheck"/>
<error line="1801" column="24" severity="error" message="Variable &apos;nativeOptions&apos; should be declared final." source="com.puppycrawl.tools.checkstyle.checks.coding.FinalLocalVariableCheck"/>
<error line="1805" column="18" severity="error" message="Variable &apos;eventHandlers&apos; should be declared final." source="com.puppycrawl.tools.checkstyle.checks.coding.FinalLocalVariableCheck"/>
<error line="1830" column="3" severity="error" message="Method length is 33 lines (max allowed is 20)." source="com.puppycrawl.tools.checkstyle.checks.sizes.MethodLengthCheck"/>
<error line="1830" column="3" severity="error" message="Missing a Javadoc comment." source="com.puppycrawl.tools.checkstyle.checks.javadoc.JavadocMethodCheck"/>
<error line="1847" column="28" severity="error" message="Parameter event should be final." source="com.puppycrawl.tools.checkstyle.checks.FinalParametersCheck"/>
<error line="1849" column="20" severity="error" message="Variable &apos;selectedFiles&apos; should be declared final." source="com.puppycrawl.tools.checkstyle.checks.coding.FinalLocalVariableCheck"/>
<error line="1864" column="3" severity="error" message="Instance variable definition in wrong order." source="com.puppycrawl.tools.checkstyle.checks.coding.DeclarationOrderCheck"/>
<error line="1864" column="16" severity="error" message="Variable &apos;lastFileId&apos; explicitly initialized to &apos;0&apos; (default value for its type)." source="com.puppycrawl.tools.checkstyle.checks.coding.ExplicitInitializationCheck"/>
<error line="1866" column="3" severity="error" message="Missing a Javadoc comment." source="com.puppycrawl.tools.checkstyle.checks.javadoc.JavadocMethodCheck"/>
<error line="1867" column="15" severity="error" message="Using &apos;++&apos; is not allowed." source="com.puppycrawl.tools.checkstyle.checks.coding.IllegalTokenCheck"/>
<error line="1890" column="3" severity="error" message="Cyclomatic Complexity is 11 (max allowed is 10)." source="com.puppycrawl.tools.checkstyle.checks.metrics.CyclomaticComplexityCheck"/>
<error line="1890" column="3" severity="error" message="Method &apos;addFilesToQueue&apos; is not designed for extension - needs to be abstract, final or empty." source="com.puppycrawl.tools.checkstyle.checks.design.DesignForExtensionCheck"/>
<error line="1890" column="3" severity="error" message="Method length is 69 lines (max allowed is 20)." source="com.puppycrawl.tools.checkstyle.checks.sizes.MethodLengthCheck"/>
<error line="1890" column="31" severity="error" message="Parameter files should be final." source="com.puppycrawl.tools.checkstyle.checks.FinalParametersCheck"/>
<error line="1894" column="44" severity="error" message="Using &apos;++&apos; is not allowed." source="com.puppycrawl.tools.checkstyle.checks.coding.IllegalTokenCheck"/>
<error line="1895" column="26" severity="error" message="Variable &apos;nativeFile&apos; should be declared final." source="com.puppycrawl.tools.checkstyle.checks.coding.FinalLocalVariableCheck"/>
<error line="1912" column="11" severity="error" message="Nested if-else depth is 2 (max allowed is 1)." source="com.puppycrawl.tools.checkstyle.checks.coding.NestedIfDepthCheck"/>
<error line="1920" severity="error" message="&apos;method call rparen&apos; have incorrect indentation level 16, expected level should be 12." source="com.puppycrawl.tools.checkstyle.checks.indentation.IndentationCheck"/>
<error line="1944" column="20" severity="error" message="Using &apos;++&apos; is not allowed." source="com.puppycrawl.tools.checkstyle.checks.coding.IllegalTokenCheck"/>
<error line="1955" column="75" severity="error" message="Avoid inline conditionals." source="com.puppycrawl.tools.checkstyle.checks.coding.AvoidInlineConditionalsCheck"/>
<error line="1978" severity="error" message="Line continuation have incorrect indentation level, expected level should be 4." source="com.puppycrawl.tools.checkstyle.checks.javadoc.JavadocTagContinuationIndentationCheck"/>
<error line="1985" column="3" severity="error" message="Missing a Javadoc comment." source="com.puppycrawl.tools.checkstyle.checks.javadoc.JavadocMethodCheck"/>
<error line="1985" column="31" severity="error" message="Parameter nativeFile should be final." source="com.puppycrawl.tools.checkstyle.checks.FinalParametersCheck"/>
<error line="2004" column="3" severity="error" message="Missing a Javadoc comment." source="com.puppycrawl.tools.checkstyle.checks.javadoc.JavadocMethodCheck"/>
<error line="2004" column="40" severity="error" message="Parameter nativeFile should be final." source="com.puppycrawl.tools.checkstyle.checks.FinalParametersCheck"/>
<error line="2005" column="10" severity="error" message="Variable &apos;fileSize&apos; should be declared final." source="com.puppycrawl.tools.checkstyle.checks.coding.FinalLocalVariableCheck"/>
<error line="2009" column="3" severity="error" message="Missing a Javadoc comment." source="com.puppycrawl.tools.checkstyle.checks.javadoc.JavadocMethodCheck"/>
<error line="2009" column="31" severity="error" message="Parameter fileUpload should be final." source="com.puppycrawl.tools.checkstyle.checks.FinalParametersCheck"/>
<error line="2009" column="42" severity="error" message="&apos;fileUpload&apos; hides a field." source="com.puppycrawl.tools.checkstyle.checks.coding.HiddenFieldCheck"/>
<error line="2009" column="54" severity="error" message="Parameter multipleFiles should be final." source="com.puppycrawl.tools.checkstyle.checks.FinalParametersCheck"/>
<error line="2023" column="3" severity="error" message="Method &apos;onUnload&apos; is not designed for extension - needs to be abstract, final or empty." source="com.puppycrawl.tools.checkstyle.checks.design.DesignForExtensionCheck"/>
<error line="2034" column="3" severity="error" message="Method length is 21 lines (max allowed is 20)." source="com.puppycrawl.tools.checkstyle.checks.sizes.MethodLengthCheck"/>
<error line="2034" column="3" severity="error" message="Missing a Javadoc comment." source="com.puppycrawl.tools.checkstyle.checks.javadoc.JavadocMethodCheck"/>
<error line="2034" column="48" severity="error" message="Parameter placeHolderId should be final." source="com.puppycrawl.tools.checkstyle.checks.FinalParametersCheck"/>
<error line="2056" severity="error" message="Abbreviation in name &apos;nativeCreateSWFUpload&apos; must contain no more than &apos;1&apos; capital letters." source="com.puppycrawl.tools.checkstyle.checks.naming.AbbreviationAsWordInNameCheck"/>
<error line="2056" column="3" severity="error" message="Missing a Javadoc comment." source="com.puppycrawl.tools.checkstyle.checks.javadoc.JavadocMethodCheck"/>
<error line="2064" severity="error" message="Line is longer than 100 characters (found 106)." source="com.puppycrawl.tools.checkstyle.checks.sizes.LineLengthCheck"/>
<error line="2069" severity="error" message="Line is longer than 100 characters (found 106)." source="com.puppycrawl.tools.checkstyle.checks.sizes.LineLengthCheck"/>
<error line="2074" severity="error" message="Line is longer than 100 characters (found 138)." source="com.puppycrawl.tools.checkstyle.checks.sizes.LineLengthCheck"/>
<error line="2080" severity="error" message="Line is longer than 100 characters (found 161)." source="com.puppycrawl.tools.checkstyle.checks.sizes.LineLengthCheck"/>
<error line="2089" severity="error" message="Line is longer than 100 characters (found 114)." source="com.puppycrawl.tools.checkstyle.checks.sizes.LineLengthCheck"/>
<error line="2097" severity="error" message="Line is longer than 100 characters (found 139)." source="com.puppycrawl.tools.checkstyle.checks.sizes.LineLengthCheck"/>
<error line="2103" severity="error" message="Line is longer than 100 characters (found 144)." source="com.puppycrawl.tools.checkstyle.checks.sizes.LineLengthCheck"/>
<error line="2111" severity="error" message="Line is longer than 100 characters (found 158)." source="com.puppycrawl.tools.checkstyle.checks.sizes.LineLengthCheck"/>
<error line="2119" severity="error" message="Line is longer than 100 characters (found 177)." source="com.puppycrawl.tools.checkstyle.checks.sizes.LineLengthCheck"/>
<error line="2127" severity="error" message="Line is longer than 100 characters (found 142)." source="com.puppycrawl.tools.checkstyle.checks.sizes.LineLengthCheck"/>
<error line="2135" column="3" severity="error" message="Missing a Javadoc comment." source="com.puppycrawl.tools.checkstyle.checks.javadoc.JavadocMethodCheck"/>
<error line="2140" column="3" severity="error" message="Missing a Javadoc comment." source="com.puppycrawl.tools.checkstyle.checks.javadoc.JavadocMethodCheck"/>
<error line="2145" column="3" severity="error" message="Missing a Javadoc comment." source="com.puppycrawl.tools.checkstyle.checks.javadoc.JavadocMethodCheck"/>
<error line="2145" column="43" severity="error" message="Parameter file should be final." source="com.puppycrawl.tools.checkstyle.checks.FinalParametersCheck"/>
<error line="2149" column="3" severity="error" message="Missing a Javadoc comment." source="com.puppycrawl.tools.checkstyle.checks.javadoc.JavadocMethodCheck"/>
<error line="2149" column="47" severity="error" message="Parameter file should be final." source="com.puppycrawl.tools.checkstyle.checks.FinalParametersCheck"/>
<error line="2149" column="58" severity="error" message="Parameter errorCode should be final." source="com.puppycrawl.tools.checkstyle.checks.FinalParametersCheck"/>
<error line="2149" column="73" severity="error" message="Parameter message should be final." source="com.puppycrawl.tools.checkstyle.checks.FinalParametersCheck"/>
<error line="2160" column="3" severity="error" message="Missing a Javadoc comment." source="com.puppycrawl.tools.checkstyle.checks.javadoc.JavadocMethodCheck"/>
<error line="2160" column="51" severity="error" message="Parameter numberOfFilesSelected should be final." source="com.puppycrawl.tools.checkstyle.checks.FinalParametersCheck"/>
<error line="2161" column="51" severity="error" message="Parameter numberOfFilesQueued should be final." source="com.puppycrawl.tools.checkstyle.checks.FinalParametersCheck"/>
<error line="2162" column="51" severity="error" message="Parameter totalFilesInQueue should be final." source="com.puppycrawl.tools.checkstyle.checks.FinalParametersCheck"/>
<error line="2170" column="3" severity="error" message="Missing a Javadoc comment." source="com.puppycrawl.tools.checkstyle.checks.javadoc.JavadocMethodCheck"/>
<error line="2170" column="44" severity="error" message="Parameter file should be final." source="com.puppycrawl.tools.checkstyle.checks.FinalParametersCheck"/>
<error line="2175" column="3" severity="error" message="Method length is 44 lines (max allowed is 20)." source="com.puppycrawl.tools.checkstyle.checks.sizes.MethodLengthCheck"/>
<error line="2175" column="3" severity="error" message="Missing a Javadoc comment." source="com.puppycrawl.tools.checkstyle.checks.javadoc.JavadocMethodCheck"/>
<error line="2175" column="47" severity="error" message="Parameter file should be final." source="com.puppycrawl.tools.checkstyle.checks.FinalParametersCheck"/>
<error line="2175" column="58" severity="error" message="Parameter bytesComplete should be final." source="com.puppycrawl.tools.checkstyle.checks.FinalParametersCheck"/>
<error line="2175" column="80" severity="error" message="Parameter bytesTotal should be final." source="com.puppycrawl.tools.checkstyle.checks.FinalParametersCheck"/>
<error line="2180" column="12" severity="error" message="Variable &apos;now&apos; should be declared final." source="com.puppycrawl.tools.checkstyle.checks.coding.FinalLocalVariableCheck"/>
<error line="2181" column="12" severity="error" message="Variable &apos;bytesSinceLastEvent&apos; should be declared final." source="com.puppycrawl.tools.checkstyle.checks.coding.FinalLocalVariableCheck"/>
<error line="2184" column="11" severity="error" message="Variable &apos;timeSinceLastEvent&apos; should be declared final." source="com.puppycrawl.tools.checkstyle.checks.coding.FinalLocalVariableCheck"/>
<error line="2185" column="75" severity="error" message="&apos;1000.0&apos; is a magic number." source="com.puppycrawl.tools.checkstyle.checks.coding.MagicNumberCheck"/>
<error line="2186" severity="error" message="Distance between variable &apos;elapsedTime&apos; declaration and its first usage is 5, but allowed 3.  Consider to make that variable as final if you still need to store its value in advance (before method calls that might do side effect on original value)." source="com.puppycrawl.tools.checkstyle.checks.coding.VariableDeclarationUsageDistanceCheck"/>
<error line="2186" column="14" severity="error" message="Variable &apos;elapsedTime&apos; should be declared final." source="com.puppycrawl.tools.checkstyle.checks.coding.FinalLocalVariableCheck"/>
<error line="2186" column="83" severity="error" message="&apos;1000.0&apos; is a magic number." source="com.puppycrawl.tools.checkstyle.checks.coding.MagicNumberCheck"/>
<error line="2187" column="14" severity="error" message="Variable &apos;currentSpeed&apos; should be declared final." source="com.puppycrawl.tools.checkstyle.checks.coding.FinalLocalVariableCheck"/>
<error line="2187" column="52" severity="error" message="&apos;8&apos; is a magic number." source="com.puppycrawl.tools.checkstyle.checks.coding.MagicNumberCheck"/>
<error line="2199" column="42" severity="error" message="&apos;8&apos; is a magic number." source="com.puppycrawl.tools.checkstyle.checks.coding.MagicNumberCheck"/>
<error line="2206" column="54" severity="error" message="&apos;100&apos; is a magic number." source="com.puppycrawl.tools.checkstyle.checks.coding.MagicNumberCheck"/>
<error line="2220" column="3" severity="error" message="Method length is 36 lines (max allowed is 20)." source="com.puppycrawl.tools.checkstyle.checks.sizes.MethodLengthCheck"/>
<error line="2220" column="3" severity="error" message="Missing a Javadoc comment." source="com.puppycrawl.tools.checkstyle.checks.javadoc.JavadocMethodCheck"/>
<error line="2220" column="3" severity="error" message="Return count is 2 (max allowed is 1)." source="com.puppycrawl.tools.checkstyle.checks.coding.ReturnCountCheck"/>
<error line="2220" column="44" severity="error" message="Parameter file should be final." source="com.puppycrawl.tools.checkstyle.checks.FinalParametersCheck"/>
<error line="2220" column="55" severity="error" message="Parameter errorCode should be final." source="com.puppycrawl.tools.checkstyle.checks.FinalParametersCheck"/>
<error line="2220" column="70" severity="error" message="Parameter message should be final." source="com.puppycrawl.tools.checkstyle.checks.FinalParametersCheck"/>
<error line="2232" column="13" severity="error" message="Variable &apos;response&apos; should be declared final." source="com.puppycrawl.tools.checkstyle.checks.coding.FinalLocalVariableCheck"/>
<error line="2257" column="3" severity="error" message="Method length is 57 lines (max allowed is 20)." source="com.puppycrawl.tools.checkstyle.checks.sizes.MethodLengthCheck"/>
<error line="2257" column="3" severity="error" message="Missing a Javadoc comment." source="com.puppycrawl.tools.checkstyle.checks.javadoc.JavadocMethodCheck"/>
<error line="2257" column="46" severity="error" message="Parameter file should be final." source="com.puppycrawl.tools.checkstyle.checks.FinalParametersCheck"/>
<error line="2257" column="57" severity="error" message="Parameter responseReceived should be final." source="com.puppycrawl.tools.checkstyle.checks.FinalParametersCheck"/>
<error line="2258" column="46" severity="error" message="Parameter serverData should be final." source="com.puppycrawl.tools.checkstyle.checks.FinalParametersCheck"/>
<error line="2265" column="34" severity="error" message="&apos;200&apos; is a magic number." source="com.puppycrawl.tools.checkstyle.checks.coding.MagicNumberCheck"/>
<error line="2268" column="12" severity="error" message="Parameter code should be final." source="com.puppycrawl.tools.checkstyle.checks.FinalParametersCheck"/>
<error line="2269" column="16" severity="error" message="Variable &apos;codeStr&apos; should be declared final." source="com.puppycrawl.tools.checkstyle.checks.coding.FinalLocalVariableCheck"/>
<error line="2280" column="11" severity="error" message="Nested if-else depth is 2 (max allowed is 1)." source="com.puppycrawl.tools.checkstyle.checks.coding.NestedIfDepthCheck"/>
<error line="2281" column="31" severity="error" message="Using &apos;++&apos; is not allowed." source="com.puppycrawl.tools.checkstyle.checks.coding.IllegalTokenCheck"/>
<error line="2316" column="3" severity="error" message="Missing a Javadoc comment." source="com.puppycrawl.tools.checkstyle.checks.javadoc.JavadocMethodCheck"/>
<error line="2316" column="47" severity="error" message="Parameter file should be final." source="com.puppycrawl.tools.checkstyle.checks.FinalParametersCheck"/>
<error line="2333" severity="error" message="Abbreviation in name &apos;nativeSWFUploadDestroy&apos; must contain no more than &apos;1&apos; capital letters." source="com.puppycrawl.tools.checkstyle.checks.naming.AbbreviationAsWordInNameCheck"/>
<error line="2333" column="3" severity="error" message="Missing a Javadoc comment." source="com.puppycrawl.tools.checkstyle.checks.javadoc.JavadocMethodCheck"/>
<error line="2337" column="3" severity="error" message="Missing a Javadoc comment." source="com.puppycrawl.tools.checkstyle.checks.javadoc.JavadocMethodCheck"/>
<error line="2343" column="3" severity="error" message="Missing a Javadoc comment." source="com.puppycrawl.tools.checkstyle.checks.javadoc.JavadocMethodCheck"/>
<error line="2350" column="3" severity="error" message="Missing a Javadoc comment." source="com.puppycrawl.tools.checkstyle.checks.javadoc.JavadocMethodCheck"/>
<error line="2354" column="3" severity="error" message="Missing a Javadoc comment." source="com.puppycrawl.tools.checkstyle.checks.javadoc.JavadocMethodCheck"/>
<error line="2358" column="3" severity="error" message="Missing a Javadoc comment." source="com.puppycrawl.tools.checkstyle.checks.javadoc.JavadocMethodCheck"/>
<error line="2366" column="3" severity="error" message="Missing a Javadoc comment." source="com.puppycrawl.tools.checkstyle.checks.javadoc.JavadocMethodCheck"/>
<error line="2370" column="3" severity="error" message="Missing a Javadoc comment." source="com.puppycrawl.tools.checkstyle.checks.javadoc.JavadocMethodCheck"/>
<error line="2382" column="3" severity="error" message="Executable statement count is 23 (max allowed is 20)." source="com.puppycrawl.tools.checkstyle.checks.sizes.ExecutableStatementCountCheck"/>
<error line="2382" column="3" severity="error" message="Method length is 49 lines (max allowed is 20)." source="com.puppycrawl.tools.checkstyle.checks.sizes.MethodLengthCheck"/>
<error line="2382" column="48" severity="error" message="Parameter history should be final." source="com.puppycrawl.tools.checkstyle.checks.FinalParametersCheck"/>
<error line="2383" column="14" severity="error" message="Variable &apos;vals&apos; should be declared final." source="com.puppycrawl.tools.checkstyle.checks.coding.FinalLocalVariableCheck"/>
<error line="2384" column="10" severity="error" message="Variable &apos;size&apos; should be declared final." source="com.puppycrawl.tools.checkstyle.checks.coding.FinalLocalVariableCheck"/>
<error line="2386" column="12" severity="error" message="Local variable name &apos;mSum&apos; must match pattern &apos;^[a-z][a-z0-9][a-zA-Z0-9]*$&apos;." source="com.puppycrawl.tools.checkstyle.checks.naming.LocalVariableNameCheck"/>
<error line="2387" column="10" severity="error" message="Local variable name &apos;mCount&apos; must match pattern &apos;^[a-z][a-z0-9][a-zA-Z0-9]*$&apos;." source="com.puppycrawl.tools.checkstyle.checks.naming.LocalVariableNameCheck"/>
<error line="2390" column="17" severity="error" message="&apos;8&apos; is a magic number." source="com.puppycrawl.tools.checkstyle.checks.coding.MagicNumberCheck"/>
<error line="2392" column="34" severity="error" message="Using &apos;++&apos; is not allowed." source="com.puppycrawl.tools.checkstyle.checks.coding.IllegalTokenCheck"/>
<error line="2396" column="14" severity="error" message="Variable &apos;mean&apos; should be declared final." source="com.puppycrawl.tools.checkstyle.checks.coding.FinalLocalVariableCheck"/>
<error line="2400" column="34" severity="error" message="Using &apos;++&apos; is not allowed." source="com.puppycrawl.tools.checkstyle.checks.coding.IllegalTokenCheck"/>
<error line="2403" column="14" severity="error" message="Variable &apos;variance&apos; should be declared final." source="com.puppycrawl.tools.checkstyle.checks.coding.FinalLocalVariableCheck"/>
<error line="2404" column="14" severity="error" message="Variable &apos;standardDev&apos; should be declared final." source="com.puppycrawl.tools.checkstyle.checks.coding.FinalLocalVariableCheck"/>
<error line="2407" column="34" severity="error" message="Using &apos;++&apos; is not allowed." source="com.puppycrawl.tools.checkstyle.checks.coding.IllegalTokenCheck"/>
<error line="2412" column="14" severity="error" message="Variable &apos;deviationRange&apos; should be declared final." source="com.puppycrawl.tools.checkstyle.checks.coding.FinalLocalVariableCheck"/>
<error line="2414" column="34" severity="error" message="Using &apos;++&apos; is not allowed." source="com.puppycrawl.tools.checkstyle.checks.coding.IllegalTokenCheck"/>
<error line="2416" column="17" severity="error" message="Using &apos;++&apos; is not allowed." source="com.puppycrawl.tools.checkstyle.checks.coding.IllegalTokenCheck"/>
<error line="2424" column="34" severity="error" message="Using &apos;++&apos; is not allowed." source="com.puppycrawl.tools.checkstyle.checks.coding.IllegalTokenCheck"/>
<error line="2432" column="3" severity="error" message="Missing a Javadoc comment." source="com.puppycrawl.tools.checkstyle.checks.javadoc.JavadocMethodCheck"/>
</file>
<file name="/Users/jake/opensource/gwt-uploader/gwt-uploader-core/src/main/java/org/wisepersist/gwt/uploader/client/UploaderClientBundle.java">
<error line="35" column="3" severity="error" message="Missing a Javadoc comment." source="com.puppycrawl.tools.checkstyle.checks.javadoc.JavadocMethodCheck"/>
<error line="38" column="3" severity="error" message="Missing a Javadoc comment." source="com.puppycrawl.tools.checkstyle.checks.javadoc.JavadocMethodCheck"/>
</file>
<file name="/Users/jake/opensource/gwt-uploader/gwt-uploader-core/src/main/java/org/wisepersist/gwt/uploader/client/events/AbstractUploadEvent.java">
</file>
<file name="/Users/jake/opensource/gwt-uploader/gwt-uploader-core/src/main/java/org/wisepersist/gwt/uploader/client/events/FileDialogCompleteEvent.java">
</file>
<file name="/Users/jake/opensource/gwt-uploader/gwt-uploader-core/src/main/java/org/wisepersist/gwt/uploader/client/events/FileDialogCompleteHandler.java">
</file>
<file name="/Users/jake/opensource/gwt-uploader/gwt-uploader-core/src/main/java/org/wisepersist/gwt/uploader/client/events/FileDialogStartEvent.java">
</file>
<file name="/Users/jake/opensource/gwt-uploader/gwt-uploader-core/src/main/java/org/wisepersist/gwt/uploader/client/events/FileDialogStartHandler.java">
</file>
<file name="/Users/jake/opensource/gwt-uploader/gwt-uploader-core/src/main/java/org/wisepersist/gwt/uploader/client/events/FileQueueErrorEvent.java">
</file>
<file name="/Users/jake/opensource/gwt-uploader/gwt-uploader-core/src/main/java/org/wisepersist/gwt/uploader/client/events/FileQueueErrorHandler.java">
</file>
<file name="/Users/jake/opensource/gwt-uploader/gwt-uploader-core/src/main/java/org/wisepersist/gwt/uploader/client/events/FileQueuedEvent.java">
</file>
<file name="/Users/jake/opensource/gwt-uploader/gwt-uploader-core/src/main/java/org/wisepersist/gwt/uploader/client/events/FileQueuedHandler.java">
</file>
<file name="/Users/jake/opensource/gwt-uploader/gwt-uploader-core/src/main/java/org/wisepersist/gwt/uploader/client/events/SwfUploadLoadedEvent.java">
</file>
<file name="/Users/jake/opensource/gwt-uploader/gwt-uploader-core/src/main/java/org/wisepersist/gwt/uploader/client/events/SwfUploadLoadedHandler.java">
</file>
<file name="/Users/jake/opensource/gwt-uploader/gwt-uploader-core/src/main/java/org/wisepersist/gwt/uploader/client/events/UploadCompleteEvent.java">
</file>
<file name="/Users/jake/opensource/gwt-uploader/gwt-uploader-core/src/main/java/org/wisepersist/gwt/uploader/client/events/UploadCompleteHandler.java">
</file>
<file name="/Users/jake/opensource/gwt-uploader/gwt-uploader-core/src/main/java/org/wisepersist/gwt/uploader/client/events/UploadErrorEvent.java">
</file>
<file name="/Users/jake/opensource/gwt-uploader/gwt-uploader-core/src/main/java/org/wisepersist/gwt/uploader/client/events/UploadErrorHandler.java">
</file>
<file name="/Users/jake/opensource/gwt-uploader/gwt-uploader-core/src/main/java/org/wisepersist/gwt/uploader/client/events/UploadProgressEvent.java">
</file>
<file name="/Users/jake/opensource/gwt-uploader/gwt-uploader-core/src/main/java/org/wisepersist/gwt/uploader/client/events/UploadProgressHandler.java">
</file>
<file name="/Users/jake/opensource/gwt-uploader/gwt-uploader-core/src/main/java/org/wisepersist/gwt/uploader/client/events/UploadStartEvent.java">
</file>
<file name="/Users/jake/opensource/gwt-uploader/gwt-uploader-core/src/main/java/org/wisepersist/gwt/uploader/client/events/UploadStartHandler.java">
</file>
<file name="/Users/jake/opensource/gwt-uploader/gwt-uploader-core/src/main/java/org/wisepersist/gwt/uploader/client/events/UploadSuccessEvent.java">
</file>
<file name="/Users/jake/opensource/gwt-uploader/gwt-uploader-core/src/main/java/org/wisepersist/gwt/uploader/client/events/UploadSuccessHandler.java">
</file>
<file name="/Users/jake/opensource/gwt-uploader/gwt-uploader-core/src/main/java/org/wisepersist/gwt/uploader/client/events/package-info.java">
</file>
</checkstyle>
